zebra
monkey
zebra
tomato
zebra;zebra;zebra;zebra
tomato
cat;cat;cat;cat;cat
zebra
cat;cat;cat;cat
7346
zebra
zebra
zebra
zebra
monkey
cat
zebra
cat
monkey
corn
tomato
cat;cat;cat;cat;cat;cat
monkey
corn
corn
monkey
monkey
zebra
carrot;carrot
monkey
dog
monkey
zebra
monkey
cat;cat;cat;cat;cat;cat
zebra
cat;cat;cat;cat
dog
monkey
zebra
monkey
corn
monkey
dog;dog;dog;dog;dog;dog
monkey
monkey;monkey;monkey
monkey;monkey;monkey;monkey
cat
monkey
zebra;zebra
monkey
zebra;zebra
monkey
monkey
monkey;monkey;monkey;monkey
cat
zebra
cat
zebra
zebra
monkey;monkey;monkey
cat
zebra
corn;corn;corn;corn;corn;corn
monkey
zebra
cat
monkey
monkey
monkey;monkey;monkey
tomato
zebra
monkey
cat
10959
monkey
zebra;zebra;zebra;zebra
monkey
zebra
zebra
cat
tomato
cat
cat
cat
zebra
zebra
monkey;monkey
dog
dog;dog;dog;dog
zebra
monkey;monkey;monkey;monkey;monkey;monkey
zebra
monkey
monkey
cat
tomato
cat
dog
zebra
zebra
corn
monkey
tomato;tomato
cat
cat
monkey
dog
cat
dog
dog
zebra
cat
dog
cat
cat;cat;cat;cat
monkey
cat;cat;cat;cat;cat
zebra
cat;cat;cat;cat;cat;cat
5320
cat
cat
tomato
cat
monkey
cat
zebra;zebra
monkey
2161
monkey
monkey
zebra
cat
dog
zebra
corn
cat
zebra
monkey
zebra
cat;cat;cat;cat;cat
cat
corn;corn;corn
dog;dog;dog;dog;dog;dog
dog
monkey
cat
monkey
monkey;monkey;monkey;monkey;monkey
corn
cat
monkey
zebra
monkey
monkey;monkey;monkey;monkey;monkey;monkey
monkey
monkey
zebra
dog
dog
cat
zebra
zebra;zebra;zebra;zebra
monkey;monkey;monkey
7138
carrot
dog
cat
cat
zebra
zebra
monkey
carrot
monkey
monkey;monkey;monkey;monkey;monkey
zebra
monkey
zebra;zebra;zebra;zebra;zebra
cat
zebra
cat
dog
zebra;zebra
tomato
1357
carrot
monkey;monkey;monkey
monkey;monkey
zebra
zebra
zebra;zebra;zebra;zebra;zebra
monkey
carrot
zebra;zebra;zebra;zebra;zebra
carrot;carrot
cat
dog
dog
cat
zebra
cat
monkey
dog
zebra
zebra
cat
tomato
corn
carrot
monkey
monkey
tomato
corn;corn;corn;corn;corn
zebra
cat
zebra
monkey
carrot
cat
corn
zebra
monkey;monkey
dog
cat
monkey
monkey
zebra
cat
corn
dog
zebra;zebra;zebra;zebra;zebra;zebra
zebra
zebra
cat
cat
corn
monkey
carrot
cat
corn
carrot
dog;dog
corn;corn;corn;corn;corn
monkey
cat
dog
zebra
monkey
zebra
zebra
zebra;zebra;zebra;zebra
monkey;monkey;monkey;monkey;monkey
cat;cat
zebra
monkey
zebra
monkey
cat
monkey
cat
carrot;carrot;carrot;carrot
dog
monkey;monkey
zebra;zebra
monkey
zebra
dog
7112
8763
cat;cat;cat
zebra
monkey
512
dog
zebra
monkey;monkey
monkey
monkey
cat
carrot
monkey
zebra;zebra;zebra
zebra
carrot;carrot;carrot;carrot;carrot;carrot
cat
monkey
cat
dog
carrot
zebra
zebra
corn
monkey
carrot
monkey
cat
monkey
cat
monkey
cat
tomato
carrot
cat;cat
cat;cat
monkey
monkey
zebra
corn;corn;corn;corn;corn;corn
monkey
monkey
zebra
monkey
dog
monkey
cat
corn
carrot
cat
dog
865
carrot
zebra
zebra;zebra;zebra
carrot
dog
cat
carrot;carrot;carrot;carrot;carrot
monkey
monkey;monkey;monkey;monkey
carrot
monkey
monkey
monkey
zebra
monkey
cat
zebra;zebra;zebra;zebra
cat
dog
monkey
tomato
tomato
carrot
dog;dog;dog;dog;dog
dog
monkey
zebra
carrot
cat
cat
carrot;carrot;carrot
zebra;zebra;zebra
monkey;monkey;monkey;monkey;monkey
monkey
8185
zebra
dog
cat
8001
zebra
cat
cat;cat;cat;cat
zebra
cat;cat
zebra
carrot
monkey
monkey
662
monkey;monkey;monkey;monkey
monkey
5445
cat
cat
zebra;zebra;zebra;zebra;zebra
monkey
dog
cat
zebra
monkey
monkey
zebra
zebra
dog
tomato
cat
zebra;zebra;zebra;zebra;zebra
cat
monkey
cat
cat;cat;cat;cat;cat
monkey
corn
monkey
corn
dog
zebra
monkey
corn
dog
dog
dog
monkey
zebra
monkey;monkey;monkey;monkey;monkey
carrot
zebra
cat
zebra;zebra;zebra;zebra
monkey;monkey;monkey;monkey;monkey
cat
corn
cat;cat;cat;cat;cat;cat
zebra
cat
dog
zebra;zebra;zebra;zebra
corn
zebra
zebra
cat
dog
monkey;monkey;monkey;monkey;monkey;monkey
monkey;monkey;monkey
carrot;carrot;carrot
dog
dog
zebra
6551
zebra
cat
9848
zebra
zebra;zebra;zebra;zebra
carrot
monkey;monkey;monkey;monkey;monkey;monkey
3234
zebra
dog
zebra;zebra;zebra
268
monkey
corn
monkey
corn
corn
1278
cat
cat
zebra
dog;dog
monkey
monkey;monkey;monkey;monkey;monkey
cat
monkey
zebra
corn;corn;corn;corn
cat;cat;cat;cat;cat
cat;cat;cat;cat;cat
monkey
cat
dog
4170
cat
zebra;zebra;zebra;zebra
cat
monkey
dog
carrot
dog
zebra
carrot
7018
cat
cat
cat
monkey
monkey
zebra
dog
dog
dog;dog;dog;dog;dog;dog
cat
10020
cat
zebra
cat
carrot;carrot
cat;cat;cat;cat
dog
carrot
zebra
zebra;zebra;zebra;zebra
monkey
zebra
monkey
carrot
zebra;zebra;zebra;zebra;zebra
carrot
zebra
dog
cat
monkey
monkey
zebra
monkey
dog;dog;dog;dog;dog
zebra
corn
cat
zebra
dog;dog
zebra
monkey
corn
corn
cat
corn
monkey
dog;dog;dog;dog;dog;dog
dog
cat
monkey
monkey
cat;cat;cat
zebra
corn
cat;cat;cat;cat;cat
zebra
zebra
tomato;tomato;tomato;tomato;tomato;tomato
monkey
cat
dog
cat
cat
corn
tomato
monkey
carrot
corn
monkey
zebra
monkey;monkey;monkey
zebra
zebra
monkey
carrot
cat;cat;cat
dog
zebra
monkey;monkey;monkey;monkey;monkey;monkey
monkey
dog
zebra
corn
9930
dog
carrot;carrot
monkey
dog
monkey
zebra
cat
monkey
carrot;carrot;carrot;carrot;carrot;carrot
monkey;monkey;monkey
cat
tomato
zebra;zebra;zebra;zebra;zebra
corn
monkey
1800
zebra
corn
zebra
zebra
zebra;zebra;zebra
cat
cat
zebra;zebra;zebra
monkey
zebra
8156
monkey
carrot
zebra
monkey;monkey;monkey;monkey
carrot
zebra
tomato
tomato;tomato;tomato
cat;cat;cat;cat
corn
dog
carrot
cat
zebra
cat;cat
4582
zebra
carrot
monkey
cat
monkey
dog
monkey;monkey
zebra;zebra;zebra;zebra;zebra
monkey;monkey;monkey;monkey;monkey;monkey
172
monkey
dog
2502
zebra
tomato;tomato;tomato;tomato;tomato;tomato
carrot
cat;cat;cat;cat;cat
zebra
cat
zebra
carrot
carrot
zebra;zebra;zebra
corn
corn
monkey
cat
corn
tomato
dog;dog;dog
carrot
zebra;zebra;zebra
monkey
6378
cat
monkey
cat
monkey
319
8646
zebra
zebra;zebra;zebra;zebra;zebra
zebra
monkey
zebra
cat;cat;cat
zebra;zebra;zebra;zebra;zebra;zebra
cat
cat
monkey
cat
tomato
monkey
monkey
corn;corn;corn
cat
monkey
zebra
carrot;carrot;carrot;carrot
zebra
cat;cat;cat;cat
dog
7355
zebra;zebra;zebra;zebra;zebra;zebra
corn;corn;corn
monkey
cat
zebra
dog
monkey
zebra
zebra
monkey
carrot
tomato;tomato;tomato;tomato;tomato
dog;dog;dog;dog;dog;dog
zebra;zebra;zebra
monkey
monkey
zebra;zebra
cat
monkey
monkey
dog
monkey;monkey;monkey;monkey;monkey;monkey
cat
corn
corn
monkey
monkey;monkey;monkey
cat
monkey;monkey;monkey
cat
monkey
cat
zebra
tomato
cat
dog
377
dog
carrot
9791
monkey
dog
zebra
corn
zebra
dog;dog;dog;dog;dog;dog
carrot
monkey
dog;dog;dog;dog;dog
cat
carrot;carrot
zebra
cat
zebra;zebra;zebra;zebra;zebra
monkey
carrot
cat
monkey
monkey
dog
monkey
cat
882
87
monkey
corn
zebra
carrot
cat
cat
monkey
monkey;monkey;monkey;monkey
cat
carrot;carrot
cat
cat
monkey
monkey
monkey
monkey
zebra
cat
cat
tomato;tomato;tomato
tomato
monkey
dog
monkey
zebra
cat
zebra;zebra;zebra
corn
cat
monkey
corn
zebra;zebra;zebra;zebra;zebra;zebra
dog
cat
monkey
carrot
cat
8854
tomato
dog
cat
corn
6954
carrot
monkey
zebra
carrot;carrot;carrot;carrot;carrot
monkey;monkey;monkey;monkey
monkey;monkey;monkey;monkey
zebra;zebra;zebra;zebra;zebra
cat;cat;cat;cat
1121
corn
dog
monkey;monkey;monkey;monkey;monkey
zebra
2853
monkey
dog;dog;dog
monkey;monkey
carrot
monkey
zebra
zebra
dog
monkey
cat;cat;cat;cat;cat
dog
zebra
corn
corn
zebra;zebra;zebra;zebra;zebra;zebra
zebra
carrot
7195
monkey
zebra;zebra
corn;corn;corn;corn;corn
dog
zebra
corn;corn;corn;corn;corn
monkey
monkey
zebra;zebra;zebra;zebra;zebra
dog;dog;dog;dog;dog
cat
monkey
zebra
corn;corn;corn;corn;corn
zebra
cat
cat
tomato
monkey
zebra;zebra;zebra;zebra;zebra
6157
7384
monkey
cat
monkey
dog
cat
zebra
dog
zebra
9045
cat
6998
617
monkey
monkey
zebra;zebra
cat;cat;cat;cat;cat;cat
zebra
cat
zebra
zebra
zebra
zebra
cat
dog
monkey
monkey
dog
cat
zebra
cat
carrot;carrot
dog
zebra
dog;dog;dog;dog;dog;dog
zebra
cat
cat;cat;cat;cat;cat;cat
dog;dog;dog;dog;dog;dog
cat
cat
monkey
cat
zebra
cat;cat;cat;cat
monkey;monkey;monkey;monkey
cat;cat;cat
dog
cat;cat;cat;cat;cat
monkey
tomato
corn
cat
cat
8695
dog;dog;dog;dog
carrot;carrot;carrot;carrot;carrot
zebra;zebra
zebra
dog
monkey;monkey;monkey
monkey
zebra;zebra;zebra;zebra;zebra;zebra
zebra;zebra
monkey
dog
monkey;monkey
zebra
cat
dog
zebra
monkey
cat
zebra;zebra
corn
cat
carrot
zebra
carrot
monkey
monkey
cat
monkey
cat
zebra
zebra
monkey;monkey;monkey;monkey;monkey
corn
dog
monkey
carrot
corn
monkey
cat
cat
cat
cat
monkey
carrot
dog
zebra
zebra
dog
cat
corn
4483
zebra
tomato;tomato;tomato;tomato;tomato;tomato
zebra
cat
zebra
zebra
cat;cat;cat;cat;cat
916
zebra
corn
zebra
cat;cat;cat
tomato
cat
carrot
zebra
monkey
monkey
tomato
dog
dog
corn
corn
monkey
dog
dog;dog;dog;dog;dog;dog
cat
carrot
cat
zebra;zebra
cat;cat
tomato
monkey;monkey;monkey
monkey
zebra;zebra;zebra;zebra;zebra;zebra
cat
zebra
monkey
monkey
monkey
monkey
5953
monkey
6444
monkey
zebra
carrot
monkey
zebra
corn
monkey
tomato;tomato;tomato;tomato;tomato
zebra
cat;cat
carrot
cat
monkey
zebra
monkey;monkey;monkey
7585
corn;corn;corn;corn
zebra
cat
dog;dog;dog
570
5539
dog
cat
zebra;zebra
cat
zebra;zebra;zebra;zebra;zebra;zebra
cat
monkey
monkey
dog
cat;cat;cat
corn
zebra;zebra
monkey
monkey
zebra
cat
cat
monkey;monkey;monkey;monkey
monkey
cat;cat;cat;cat
carrot
cat
monkey
monkey
cat;cat;cat;cat;cat
zebra;zebra;zebra
dog
tomato
cat
cat
monkey
cat
tomato
zebra
zebra
dog
dog;dog;dog
dog
monkey;monkey;monkey;monkey;monkey
zebra
monkey
10398
cat
carrot
monkey
5382
cat
16
monkey
cat
monkey;monkey;monkey;monkey
corn
zebra
zebra
8692
monkey
cat;cat;cat
tomato
corn
monkey
zebra
zebra
carrot
tomato
cat;cat;cat;cat;cat
zebra
zebra
carrot
monkey
monkey
cat
carrot
cat
zebra
cat
zebra;zebra;zebra;zebra;zebra
cat
1035
corn;corn;corn
carrot
2644
monkey
dog
cat;cat;cat;cat;cat;cat
cat
carrot
cat
monkey
cat;cat;cat;cat;cat
cat
zebra
9814
monkey
monkey
monkey
zebra
cat
716
monkey;monkey;monkey;monkey;monkey
zebra
monkey
monkey
cat
dog
cat
corn
zebra
cat
zebra
monkey;monkey;monkey
monkey
zebra
cat
monkey;monkey;monkey;monkey;monkey;monkey
zebra
dog
zebra;zebra;zebra
dog
tomato
cat
zebra
monkey
zebra;zebra;zebra;zebra;zebra
carrot
1851
corn
zebra
cat
dog
monkey
monkey
zebra
cat
monkey;monkey
cat
monkey
monkey
zebra
monkey
dog
zebra;zebra;zebra
monkey
cat
zebra
monkey;monkey;monkey;monkey
cat
dog;dog
tomato
cat
dog
zebra;zebra;zebra
2352
monkey
zebra
zebra
dog;dog;dog;dog;dog
zebra
4349
zebra
dog;dog;dog;dog;dog;dog
7755
zebra
monkey
monkey
dog
carrot
monkey
tomato
zebra;zebra
dog
zebra;zebra;zebra;zebra;zebra
corn
monkey;monkey;monkey
corn
monkey
1005
zebra;zebra;zebra;zebra
cat
monkey;monkey;monkey
monkey;monkey;monkey;monkey
dog
zebra
monkey
cat
cat
zebra;zebra;zebra;zebra;zebra;zebra
monkey
monkey
cat
cat;cat;cat;cat
zebra
dog
corn
cat
monkey
carrot;carrot;carrot;carrot;carrot;carrot
zebra
zebra
monkey
zebra
zebra
zebra
cat;cat;cat
monkey
tomato
cat
carrot
monkey
zebra
monkey;monkey;monkey;monkey;monkey;monkey
zebra
cat
monkey
carrot
cat
corn
monkey
dog;dog;dog;dog;dog
monkey
zebra;zebra;zebra;zebra;zebra
monkey
corn
monkey
monkey;monkey;monkey
corn;corn
zebra
cat
monkey
monkey
cat
monkey
zebra
zebra
dog;dog;dog;dog;dog
tomato
zebra;zebra;zebra;zebra
monkey
cat;cat;cat
monkey
cat
monkey
monkey
cat
monkey
zebra
cat
monkey;monkey;monkey;monkey
zebra
monkey;monkey;monkey;monkey;monkey
cat;cat;cat;cat;cat
cat
zebra
cat
carrot;carrot
carrot
monkey
dog
zebra;zebra;zebra
cat;cat;cat;cat;cat
dog
monkey;monkey;monkey;monkey;monkey
cat;cat;cat
monkey
dog;dog;dog;dog;dog;dog
zebra;zebra
monkey;monkey;monkey;monkey;monkey;monkey
carrot
dog
zebra
cat
zebra;zebra;zebra;zebra
carrot
dog
monkey
cat;cat;cat
monkey
cat
dog
cat
monkey
carrot
carrot
tomato
monkey
zebra;zebra;zebra;zebra
monkey
dog
dog
zebra
monkey;monkey;monkey;monkey
zebra
zebra
monkey
monkey
zebra
dog
monkey
zebra
cat
cat
zebra
5415
zebra;zebra
monkey
tomato
monkey
monkey;monkey;monkey
monkey
zebra
3602
345
zebra
dog
monkey
cat
8937
3652
monkey
monkey
monkey
corn
zebra;zebra;zebra
carrot;carrot;carrot;carrot;carrot
zebra
carrot
tomato
zebra
carrot
corn
zebra
cat
cat
zebra
cat
tomato;tomato;tomato;tomato;tomato
dog
zebra
carrot
monkey
monkey
carrot
zebra;zebra;zebra;zebra;zebra;zebra
monkey
monkey;monkey;monkey;monkey;monkey;monkey
monkey
dog
monkey
zebra;zebra
monkey
monkey
cat
monkey;monkey
dog
dog
cat
5892
monkey
zebra
cat
cat
2318
zebra
monkey
monkey
monkey
zebra;zebra;zebra;zebra
carrot;carrot
cat
cat;cat
monkey
zebra
dog
cat
dog
monkey;monkey;monkey
monkey;monkey;monkey;monkey;monkey
carrot;carrot;carrot;carrot;carrot
zebra
monkey
zebra
monkey;monkey;monkey;monkey;monkey
dog
cat
tomato
tomato
monkey
zebra
monkey
carrot
zebra
cat
10977
cat;cat;cat;cat
monkey;monkey;monkey;monkey
zebra
cat
dog
cat
carrot
tomato
monkey
zebra;zebra;zebra
dog
zebra;zebra;zebra;zebra;zebra
corn
monkey;monkey
monkey;monkey;monkey
cat
1972
monkey
monkey
zebra
cat
monkey
monkey;monkey;monkey;monkey
zebra
monkey
monkey
cat;cat;cat;cat;cat;cat
monkey
dog
tomato
cat
monkey;monkey;monkey;monkey;monkey;monkey
cat
8165
monkey;monkey;monkey;monkey;monkey
4650
dog
monkey
zebra
monkey
cat;cat;cat;cat;cat;cat
zebra;zebra;zebra;zebra;zebra
zebra;zebra;zebra;zebra
cat
carrot
10035
4133
dog
monkey
zebra
zebra
cat
1163
corn
carrot
cat
dog
cat
dog
cat
corn
monkey;monkey;monkey;monkey;monkey;monkey
monkey;monkey;monkey;monkey;monkey
monkey;monkey;monkey
zebra
dog
zebra;zebra
dog
carrot;carrot
monkey
carrot
cat
cat;cat;cat;cat;cat;cat
carrot
cat
carrot
carrot
zebra
carrot
dog
dog
corn;corn
tomato
zebra;zebra
8092
cat;cat;cat
tomato;tomato;tomato;tomato
corn;corn;corn;corn;corn
zebra
monkey
monkey
carrot;carrot;carrot
zebra
monkey
tomato;tomato;tomato;tomato;tomato;tomato
dog
cat;cat
dog
dog
monkey
zebra;zebra;zebra;zebra;zebra;zebra
dog
zebra;zebra;zebra;zebra;zebra;zebra
zebra
cat
monkey
zebra
monkey
dog;dog;dog;dog
cat
cat
cat;cat;cat;cat;cat;cat
zebra
monkey;monkey;monkey;monkey;monkey
corn
zebra
cat
monkey
dog
dog
dog
zebra
monkey
cat;cat;cat
cat
monkey
carrot;carrot;carrot;carrot;carrot
zebra
monkey
cat
monkey;monkey;monkey;monkey;monkey
monkey;monkey;monkey;monkey;monkey;monkey
cat
monkey
9497
tomato;tomato;tomato;tomato;tomato;tomato
cat;cat;cat
monkey;monkey
zebra
zebra;zebra;zebra;zebra;zebra;zebra
cat;cat;cat
zebra
cat
monkey
monkey
carrot
zebra;zebra
cat
monkey
corn
zebra;zebra;zebra;zebra;zebra
cat
monkey
tomato
monkey
8062
corn
cat
carrot
monkey;monkey;monkey;monkey
cat
corn
monkey;monkey;monkey;monkey;monkey;monkey
zebra
zebra
monkey
cat
corn
monkey
monkey
zebra
cat
zebra
monkey;monkey
dog
monkey
monkey
zebra
monkey
zebra;zebra;zebra
zebra
monkey
monkey
monkey
carrot;carrot;carrot;carrot
tomato
monkey
dog
corn
monkey
monkey
carrot
cat
monkey;monkey;monkey;monkey
monkey
carrot
zebra
cat
monkey
tomato
tomato
monkey
cat
carrot
zebra;zebra
zebra
zebra
zebra;zebra;zebra;zebra
corn
cat
zebra
monkey
zebra
zebra
tomato
carrot
carrot;carrot;carrot;carrot;carrot
tomato
monkey
zebra;zebra
zebra
carrot
corn
4700
tomato
cat;cat;cat
dog
dog
cat
zebra;zebra
monkey
zebra
zebra
corn
cat;cat;cat;cat;cat;cat
monkey
corn
zebra
corn
2353
monkey
corn;corn;corn;corn;corn
zebra
dog;dog
monkey
carrot
dog
monkey
3987
monkey
monkey
zebra;zebra;zebra;zebra
zebra;zebra;zebra;zebra
zebra
monkey
dog
carrot
tomato
monkey
monkey
monkey
carrot;carrot;carrot;carrot
cat
cat
dog;dog
cat
zebra
monkey;monkey;monkey;monkey
monkey
tomato
cat
zebra
tomato
monkey
cat
zebra
dog;dog;dog;dog;dog;dog
cat;cat
zebra;zebra;zebra;zebra;zebra
corn
monkey;monkey;monkey;monkey
cat
carrot
zebra;zebra;zebra
dog
tomato
monkey
monkey
cat
6921
cat
cat
dog
zebra;zebra;zebra;zebra;zebra
dog
cat
cat;cat;cat;cat;cat
carrot;carrot;carrot;carrot
zebra
carrot
cat
monkey;monkey;monkey;monkey
corn
zebra
carrot
carrot
cat
cat
zebra
zebra;zebra;zebra
zebra
9364
zebra;zebra
cat
zebra
zebra
cat;cat;cat
monkey
zebra
zebra;zebra;zebra;zebra;zebra
cat
tomato;tomato;tomato;tomato
5438
cat
carrot
carrot;carrot;carrot;carrot
carrot
10266
carrot
zebra
cat
cat
zebra;zebra
cat;cat;cat;cat;cat
zebra
monkey
dog
zebra
monkey
cat
dog
corn
monkey
cat
tomato
monkey
monkey
monkey
cat;cat
3610
monkey
cat
monkey
zebra;zebra;zebra;zebra;zebra
tomato
monkey
monkey
dog
cat
tomato
corn
dog
cat;cat;cat;cat;cat;cat
corn;corn;corn;corn
zebra;zebra;zebra;zebra;zebra;zebra
carrot;carrot;carrot
dog
cat
cat
monkey
5303
zebra
zebra;zebra;zebra
monkey;monkey;monkey;monkey;monkey
cat
cat
zebra
zebra;zebra;zebra
cat
monkey
monkey
monkey
monkey
carrot;carrot;carrot;carrot;carrot
monkey
zebra;zebra;zebra;zebra;zebra
monkey;monkey;monkey
corn
cat
cat
monkey
dog
dog
cat;cat;cat;cat
dog
corn
cat
cat
cat
dog
zebra
dog
monkey
zebra
zebra
cat
dog
zebra;zebra
zebra
monkey
monkey
monkey
carrot
zebra
dog
zebra
dog
cat
cat
zebra;zebra;zebra
cat
corn;corn;corn;corn;corn;corn
zebra
dog
carrot
zebra;zebra;zebra;zebra;zebra
cat
tomato
dog
monkey;monkey;monkey;monkey;monkey
zebra
6103
zebra
4931
carrot
carrot
cat
carrot
monkey;monkey;monkey;monkey;monkey
carrot
carrot
monkey
dog
zebra
zebra;zebra
cat
cat
zebra
zebra;zebra
corn
monkey
cat;cat;cat;cat;cat;cat
monkey
cat
zebra
zebra
monkey
cat
monkey
monkey;monkey;monkey;monkey
10428
zebra
monkey
corn
zebra
zebra
zebra
zebra
zebra;zebra;zebra;zebra
zebra
monkey
zebra
monkey
zebra
monkey
cat
zebra
zebra
carrot
cat
cat;cat;cat;cat;cat;cat
tomato
zebra
cat
carrot
dog
dog
carrot
monkey
cat
cat;cat;cat;cat
corn
monkey
dog
monkey
dog
carrot
corn
tomato
zebra
corn;corn;corn;corn;corn;corn
corn
cat
corn
monkey
cat;cat;cat;cat;cat
cat
dog
zebra
cat
corn;corn;corn;corn;corn;corn
cat
monkey
carrot;carrot;carrot;carrot;carrot
zebra
zebra
cat
cat
tomato
dog
cat;cat;cat
monkey
corn;corn
monkey
dog
cat
cat
5666
monkey;monkey;monkey;monkey;monkey
cat
carrot
monkey
tomato;tomato;tomato;tomato
zebra
zebra
monkey
corn
dog
corn;corn;corn;corn;corn
zebra
dog;dog;dog;dog;dog;dog
7285
dog
cat;cat;cat;cat;cat
monkey
monkey
dog
dog
cat
zebra;zebra;zebra;zebra;zebra;zebra
9477
cat
monkey
cat
tomato
corn
corn
dog
dog
zebra
carrot
535
cat
monkey
dog
zebra
zebra
carrot
tomato
monkey;monkey;monkey;monkey;monkey;monkey
monkey
zebra
monkey
monkey;monkey;monkey;monkey;monkey
monkey
dog
tomato
cat
cat
1429
cat
zebra
dog
cat
dog;dog
tomato
zebra;zebra;zebra;zebra;zebra
cat
monkey;monkey
zebra
zebra
zebra
cat
dog
cat
cat;cat;cat;cat;cat
cat
monkey
zebra;zebra;zebra
monkey
cat;cat;cat;cat
monkey
cat
4598
carrot
monkey
dog
cat
monkey
carrot
tomato
monkey
cat
monkey
zebra
monkey
tomato
corn
dog
carrot
zebra
cat
zebra
monkey
zebra;zebra
tomato;tomato;tomato;tomato;tomato
monkey
cat
tomato
monkey
779
monkey
cat;cat;cat;cat;cat;cat
tomato
zebra
dog
monkey
corn
2102
monkey;monkey;monkey;monkey
monkey;monkey;monkey;monkey;monkey
zebra
7298
zebra
dog
zebra
zebra
cat
carrot
zebra
zebra
monkey
carrot
7648
cat;cat;cat;cat;cat
9293
cat
zebra
carrot
corn
dog
zebra
monkey
tomato
corn;corn;corn;corn;corn;corn
dog
cat
monkey;monkey;monkey;monkey
zebra
monkey
dog
cat
cat
monkey
zebra;zebra;zebra
zebra
carrot;carrot
corn
cat
zebra
zebra;zebra
cat
monkey
zebra
carrot
corn;corn;corn;corn
zebra
cat
zebra;zebra;zebra
carrot
monkey
tomato
monkey
carrot;carrot;carrot;carrot;carrot;carrot
zebra;zebra
cat
monkey
2280
zebra
zebra;zebra
monkey
corn
carrot
cat;cat;cat;cat;cat
monkey;monkey;monkey;monkey
tomato
zebra
dog
zebra
zebra
monkey
zebra;zebra;zebra;zebra;zebra;zebra
carrot;carrot;carrot;carrot;carrot
monkey
monkey
zebra
carrot
corn
zebra
carrot
corn
dog
cat
zebra
dog
zebra;zebra;zebra;zebra;zebra
cat
dog
cat
7451
tomato;tomato;tomato;tomato;tomato
dog
carrot
zebra
zebra
9966
corn
zebra
dog
tomato
monkey
tomato
corn
carrot
monkey;monkey;monkey
monkey
carrot
corn;corn;corn;corn;corn
dog
cat
dog
dog
monkey
zebra
zebra
zebra
dog
tomato;tomato;tomato;tomato;tomato
zebra
monkey
cat
carrot
zebra;zebra;zebra;zebra;zebra
monkey;monkey;monkey;monkey;monkey;monkey
carrot
zebra
monkey
monkey
corn
cat
monkey;monkey;monkey;monkey;monkey;monkey
cat
tomato
cat
2132
monkey
monkey
corn
dog
cat
monkey
zebra
zebra
dog;dog;dog;dog
monkey;monkey;monkey;monkey;monkey;monkey
dog
corn
dog
zebra;zebra;zebra;zebra;zebra;zebra
zebra
cat;cat;cat;cat;cat;cat
monkey
zebra
zebra
monkey;monkey;monkey;monkey
corn;corn;corn;corn;corn;corn
cat;cat;cat;cat;cat
monkey
monkey
zebra
monkey
carrot
monkey
monkey
zebra;zebra;zebra;zebra
zebra;zebra;zebra;zebra;zebra;zebra
carrot
monkey
tomato
monkey
4341
zebra
cat
zebra
monkey
cat
carrot
monkey
carrot
zebra
monkey
cat
cat;cat;cat;cat;cat;cat
zebra
zebra
dog
dog
dog
dog
zebra
cat
monkey
4601
monkey
4959
zebra
corn;corn;corn;corn;corn;corn
zebra
cat
589
monkey
tomato
zebra
corn
cat
zebra;zebra;zebra;zebra;zebra;zebra
corn
cat
dog
zebra
zebra
cat
carrot;carrot;carrot;carrot;carrot
dog
zebra
monkey;monkey
carrot
zebra
zebra
monkey;monkey;monkey;monkey
zebra
corn
monkey
dog
carrot
dog
cat
zebra
carrot
corn
zebra;zebra;zebra
corn
zebra
cat
corn;corn;corn;corn
tomato
zebra
zebra
zebra;zebra
monkey
carrot;carrot;carrot;carrot
tomato
cat;cat
zebra
7696
tomato
cat;cat;cat;cat;cat
monkey
zebra
monkey
4818
tomato
carrot
monkey
tomato
cat
cat
monkey;monkey;monkey;monkey;monkey;monkey
carrot
tomato
tomato
monkey;monkey;monkey;monkey;monkey
monkey
corn
carrot;carrot;carrot;carrot;carrot
corn
monkey
cat
carrot
monkey
cat
zebra
monkey;monkey
tomato;tomato;tomato
carrot
cat
zebra
cat;cat;cat;cat;cat;cat
dog
cat;cat;cat;cat
zebra;zebra;zebra
cat
tomato;tomato;tomato;tomato;tomato
10211
cat
zebra
zebra
cat
zebra
cat
zebra
monkey
zebra
cat
monkey
dog
corn
dog
zebra;zebra;zebra;zebra;zebra;zebra
cat
monkey;monkey;monkey;monkey
zebra
cat;cat;cat;cat;cat
cat
zebra
zebra
monkey
cat
dog
cat
zebra
zebra
8508
zebra
zebra
monkey
carrot
cat;cat
dog
zebra
dog
cat
cat
cat
zebra
zebra
zebra
zebra;zebra;zebra
tomato
tomato
cat
zebra;zebra;zebra
2935
cat
corn
corn
cat
cat
corn
dog;dog;dog;dog;dog;dog
monkey
monkey
zebra
cat;cat;cat;cat;cat
cat
corn;corn;corn
cat
3867
carrot;carrot
corn
dog;dog;dog;dog;dog;dog
zebra
carrot
tomato
zebra;zebra;zebra
4254
dog;dog;dog
zebra
zebra;zebra;zebra;zebra;zebra
dog
monkey
zebra;zebra;zebra
tomato
3228
monkey
corn;corn;corn;corn;corn;corn
monkey
4665
tomato
dog
5898
cat
zebra
zebra
carrot
zebra
zebra;zebra
monkey
zebra
monkey
5192
cat;cat;cat
3638
cat
zebra;zebra;zebra;zebra
1603
monkey
zebra
tomato
monkey
cat;cat
zebra
carrot;carrot;carrot;carrot;carrot;carrot
cat
zebra;zebra;zebra;zebra;zebra
cat
dog
tomato
1917
cat
carrot
cat
corn
monkey
monkey;monkey;monkey;monkey;monkey;monkey
carrot;carrot;carrot;carrot;carrot;carrot
cat
corn
monkey;monkey;monkey;monkey
cat
cat
monkey
cat
cat
monkey
zebra;zebra
carrot
dog
carrot
zebra
monkey
zebra
zebra
cat
corn
monkey
monkey;monkey;monkey;monkey;monkey
cat
monkey
zebra
cat
monkey
corn
cat
cat
cat
zebra
carrot
dog
carrot
cat
dog
cat
tomato
cat
dog
monkey
dog;dog;dog;dog
monkey
cat
zebra;zebra;zebra;zebra
monkey
zebra;zebra;zebra;zebra;zebra;zebra
cat
carrot;carrot
monkey
carrot
carrot
monkey
monkey
dog
dog
corn
zebra
monkey
monkey
cat
monkey
monkey;monkey
zebra
carrot
carrot;carrot;carrot;carrot
carrot
zebra
zebra
zebra
monkey
monkey
zebra;zebra;zebra;zebra
monkey
cat
monkey
corn
tomato
carrot;carrot;carrot;carrot
zebra
monkey
cat
zebra;zebra;zebra
monkey
8554
monkey
dog
zebra
zebra
monkey
cat;cat;cat;cat;cat;cat
cat;cat;cat
5658
monkey
tomato;tomato;tomato;tomato;tomato;tomato
cat
corn
monkey
monkey
cat
8034
cat
tomato
monkey;monkey;monkey;monkey;monkey
zebra
zebra
zebra;zebra;zebra;zebra
zebra;zebra
monkey
zebra
zebra
carrot
dog
carrot;carrot;carrot
cat
cat
zebra
5978
cat
monkey
monkey
zebra
5225
corn
zebra
corn
zebra
dog
tomato
zebra
dog
zebra;zebra;zebra;zebra;zebra;zebra
dog
zebra
monkey
corn;corn;corn;corn;corn
monkey
cat
dog
zebra;zebra;zebra;zebra;zebra
cat;cat;cat
monkey;monkey;monkey;monkey;monkey
zebra
cat
zebra
zebra
cat
monkey
monkey
zebra
zebra;zebra;zebra;zebra;zebra
monkey;monkey
cat
zebra
carrot;carrot;carrot;carrot;carrot;carrot
carrot
cat
zebra
cat
corn
monkey
dog
dog;dog;dog;dog
monkey
monkey
dog
dog
tomato
tomato
tomato
tomato;tomato;tomato
cat;cat
10971
8973
carrot
3918
dog
carrot
monkey
monkey
zebra
zebra
monkey
tomato
cat
tomato;tomato;tomato;tomato
47
monkey
zebra
tomato;tomato;tomato;tomato;tomato;tomato
zebra
dog;dog
cat
cat
monkey
carrot
tomato
zebra
cat
zebra
monkey
cat
monkey
zebra
zebra
cat
monkey
monkey
monkey
monkey;monkey;monkey;monkey;monkey;monkey
zebra;zebra;zebra;zebra;zebra;zebra
monkey
tomato
cat
tomato;tomato
monkey
monkey
tomato
cat
zebra
monkey;monkey
6840
cat
zebra;zebra
monkey
cat
carrot
5433
tomato
cat
cat
monkey;monkey;monkey;monkey;monkey;monkey
zebra
corn
zebra
tomato
monkey
monkey
cat;cat
zebra
carrot;carrot;carrot;carrot;carrot
monkey
cat
monkey
zebra
monkey
monkey
cat
cat
zebra
corn
cat
9352
tomato;tomato
monkey
cat
cat
cat
monkey
zebra
monkey
monkey
zebra
tomato
dog
3406
monkey
cat
dog
cat
monkey
cat
zebra
cat
monkey
cat
dog
zebra
zebra
zebra
corn
carrot
corn
dog
monkey
cat;cat;cat;cat;cat;cat
tomato
monkey
tomato
dog
zebra
monkey
cat
monkey;monkey;monkey;monkey
zebra;zebra;zebra;zebra
zebra
zebra
monkey
zebra;zebra;zebra;zebra
zebra
10084
carrot
monkey;monkey
corn
monkey
10073
9433
corn
corn
zebra
carrot;carrot
cat
dog
dog
monkey
carrot
carrot
cat;cat;cat
zebra
dog
monkey
cat
cat
zebra
zebra
corn;corn;corn;corn
corn
monkey
corn;corn;corn
zebra
cat
monkey
zebra;zebra;zebra;zebra
corn
7746
cat
dog;dog;dog;dog
carrot
zebra;zebra
zebra
cat
monkey
dog
tomato
zebra
zebra
zebra;zebra
dog;dog;dog;dog;dog
9195
dog
tomato
zebra
monkey
zebra
cat
cat
dog
monkey;monkey;monkey
cat
corn
carrot
zebra;zebra
monkey
carrot
cat;cat;cat;cat;cat
zebra
zebra
cat
monkey
monkey
monkey
zebra
3664
monkey;monkey;monkey;monkey
zebra
tomato
dog;dog;dog;dog;dog;dog
monkey
monkey
monkey;monkey;monkey
cat
zebra;zebra;zebra;zebra
monkey
zebra
monkey
tomato
carrot
monkey
monkey
corn;corn;corn;corn;corn;corn
monkey
cat
dog
zebra;zebra;zebra
monkey
zebra
corn
monkey
monkey
tomato
corn
monkey;monkey;monkey
cat
zebra
zebra
carrot;carrot;carrot;carrot;carrot;carrot
carrot
cat
tomato
cat
carrot
cat
8137
zebra
cat
corn;corn;corn
zebra;zebra;zebra;zebra
cat;cat;cat;cat;cat
zebra
monkey
monkey
zebra
monkey
zebra;zebra;zebra
zebra;zebra;zebra
tomato
cat
corn
corn
cat
dog;dog;dog;dog
cat
3033
cat
zebra;zebra
9933
6566
corn;corn;corn;corn;corn;corn
cat
monkey
zebra
cat
corn;corn;corn
dog
carrot;carrot;carrot;carrot;carrot;carrot
zebra;zebra;zebra;zebra
carrot
carrot
corn;corn;corn;corn;corn;corn
cat
monkey
carrot;carrot
cat
tomato
zebra
dog
cat
carrot
cat
dog
dog
monkey;monkey;monkey;monkey;monkey;monkey
tomato
monkey
cat
2200
monkey
monkey
cat
tomato
zebra
cat
monkey
cat
9318
zebra
dog;dog;dog;dog;dog
monkey
corn
carrot;carrot;carrot;carrot;carrot;carrot
zebra
zebra
monkey;monkey
zebra
monkey
corn;corn;corn
zebra
zebra
zebra
corn
zebra
corn
monkey
monkey
883
zebra
zebra
zebra
carrot
zebra
cat
carrot
monkey
monkey
cat
monkey
monkey
carrot
cat;cat;cat;cat
cat
dog;dog
5847
cat
zebra
carrot
zebra
corn
carrot
zebra
tomato
monkey
dog
dog
cat
zebra
cat
monkey;monkey;monkey;monkey
carrot
carrot
zebra
monkey
zebra
cat
monkey;monkey
monkey
monkey
zebra
zebra
cat
dog;dog;dog;dog;dog;dog
zebra
cat
cat
monkey;monkey;monkey;monkey;monkey
zebra
cat
zebra
tomato
dog
zebra
monkey
monkey;monkey
zebra
carrot
monkey
monkey
corn
cat
dog
zebra
zebra
monkey
monkey
carrot
monkey
cat
monkey
zebra;zebra;zebra;zebra;zebra;zebra
monkey
carrot
carrot
monkey;monkey
zebra
cat
corn
cat
monkey;monkey;monkey;monkey;monkey
monkey
monkey
5926
monkey;monkey;monkey;monkey;monkey
monkey
corn
tomato;tomato;tomato
monkey
zebra;zebra;zebra;zebra;zebra
cat
tomato;tomato;tomato;tomato
tomato;tomato;tomato;tomato
carrot
monkey
tomato;tomato
zebra
cat
monkey;monkey;monkey;monkey;monkey
dog
zebra;zebra
cat
dog;dog;dog;dog;dog;dog
dog
dog;dog;dog;dog
zebra
cat;cat;cat
carrot
corn
monkey
cat
tomato
corn
zebra
tomato
10298
tomato;tomato;tomato;tomato
zebra
zebra;zebra
cat
monkey;monkey
monkey
monkey;monkey;monkey;monkey
monkey
dog
zebra;zebra;zebra;zebra;zebra
carrot
monkey
cat
tomato
monkey
monkey
zebra
monkey
tomato
cat;cat
corn
tomato
tomato;tomato
cat
monkey
tomato;tomato
cat
monkey
tomato;tomato;tomato;tomato
corn;corn;corn
corn
monkey
259
cat;cat;cat;cat;cat;cat
carrot
monkey
monkey
carrot;carrot;carrot;carrot;carrot
cat
cat
monkey
cat
zebra
corn
cat;cat;cat;cat;cat
carrot
dog
carrot
zebra
corn
tomato
zebra;zebra;zebra;zebra;zebra;zebra
corn
zebra;zebra;zebra;zebra;zebra
tomato
monkey
corn
zebra
corn
carrot
monkey;monkey
zebra
carrot
carrot
cat
8148
cat;cat;cat;cat
zebra
tomato
dog
tomato
cat
tomato
zebra
corn
cat
monkey
carrot
monkey;monkey;monkey;monkey;monkey;monkey
dog
monkey
dog
carrot
zebra;zebra
carrot
7790
cat
carrot
cat
carrot
zebra
3284
monkey
monkey
dog;dog;dog;dog
corn;corn;corn
carrot
carrot;carrot;carrot
cat
zebra
zebra
monkey
monkey
carrot
dog
cat
dog;dog;dog;dog
cat;cat;cat
zebra
cat
monkey
monkey
5957
monkey
cat
tomato
zebra
cat;cat
cat
corn
corn
carrot
cat
dog;dog
tomato
carrot
zebra;zebra;zebra
cat;cat;cat
cat
dog;dog
zebra
cat
zebra
8479
dog
monkey
zebra;zebra;zebra;zebra;zebra
monkey
cat
monkey
monkey
cat;cat;cat;cat;cat;cat
carrot
tomato
monkey;monkey;monkey;monkey;monkey;monkey
cat
zebra;zebra;zebra
zebra
cat;cat;cat;cat;cat
dog
cat;cat;cat
monkey
monkey
monkey
zebra
cat
carrot
carrot
cat
corn
zebra
cat
dog
dog;dog;dog;dog
monkey;monkey;monkey;monkey
cat
zebra
cat
6281
carrot;carrot;carrot;carrot;carrot;carrot
tomato
cat
monkey
10597
monkey
monkey
dog
monkey
monkey
cat
carrot
cat;cat;cat;cat;cat;cat
monkey
zebra
monkey
tomato
zebra
zebra;zebra;zebra;zebra;zebra;zebra
cat
cat;cat;cat
cat;cat;cat;cat;cat
dog
monkey
corn
zebra
carrot
monkey
corn
tomato;tomato;tomato;tomato;tomato
monkey
monkey
monkey
cat
monkey
monkey
cat
zebra
monkey
cat
zebra
dog
dog
monkey
zebra
monkey
dog
cat
dog;dog;dog;dog;dog
monkey
cat
zebra
dog;dog
zebra
zebra
carrot
cat
monkey
monkey
monkey
monkey
monkey
monkey
zebra
carrot;carrot;carrot;carrot;carrot;carrot
zebra;zebra;zebra;zebra;zebra
zebra
dog
zebra;zebra;zebra
dog
monkey;monkey;monkey;monkey;monkey;monkey
cat
monkey;monkey
monkey
cat;cat;cat;cat;cat;cat
zebra
monkey;monkey;monkey;monkey;monkey;monkey
zebra
dog;dog;dog
tomato
monkey
cat;cat;cat;cat;cat
cat
monkey
monkey
corn
carrot
cat;cat;cat
monkey
cat
tomato
zebra
zebra;zebra;zebra
10290
monkey
monkey;monkey
dog;dog;dog
corn
monkey;monkey;monkey;monkey;monkey;monkey
cat
corn
cat
zebra
zebra
corn
carrot
carrot
monkey
cat
monkey;monkey
carrot
cat;cat
monkey
monkey
zebra;zebra
carrot
carrot
zebra
dog;dog;dog;dog;dog
zebra
corn
zebra
zebra;zebra;zebra;zebra;zebra
carrot
dog
cat
carrot
cat
cat
cat
carrot;carrot;carrot;carrot
dog
cat
carrot
carrot
monkey
cat
zebra
dog
4056
monkey
carrot
tomato
zebra
6130
corn
zebra;zebra
monkey
zebra;zebra
corn
monkey
zebra
zebra
zebra
tomato;tomato;tomato;tomato;tomato
cat
dog
cat
dog
monkey
tomato;tomato;tomato;tomato;tomato;tomato
carrot
monkey
corn
zebra
corn
zebra
monkey
carrot;carrot
dog
monkey
zebra
tomato;tomato;tomato
zebra
tomato;tomato
carrot
carrot
cat
cat
zebra;zebra;zebra;zebra;zebra;zebra
dog;dog;dog;dog;dog
dog
zebra
zebra
cat
monkey
monkey
zebra;zebra;zebra;zebra
corn
cat
dog
monkey
zebra;zebra
cat;cat;cat;cat;cat
monkey;monkey;monkey
cat
carrot
zebra
zebra
zebra
carrot;carrot;carrot;carrot
cat
monkey
carrot
monkey;monkey;monkey;monkey
tomato
carrot;carrot;carrot;carrot
zebra
zebra
monkey
carrot
zebra
6981
monkey;monkey
zebra
corn
zebra;zebra;zebra;zebra
cat
dog
monkey
dog
monkey;monkey;monkey;monkey
monkey
monkey
monkey
monkey
monkey
zebra
dog
1319
dog
tomato
tomato
carrot;carrot;carrot
carrot
monkey
monkey
monkey
cat
7572
cat
cat
cat;cat;cat;cat
carrot
tomato;tomato;tomato;tomato;tomato;tomato
corn
corn
corn
cat;cat
monkey
dog
cat
monkey;monkey
carrot;carrot;carrot;carrot;carrot;carrot
monkey
zebra
dog
zebra
monkey
cat;cat;cat;cat
monkey
monkey
cat
monkey
corn
dog
monkey
corn;corn;corn;corn;corn
monkey
carrot
cat
monkey
734
zebra
zebra
zebra
monkey
2860
monkey
zebra
zebra;zebra;zebra;zebra
corn;corn;corn;corn;corn;corn
cat
cat
corn
tomato;tomato;tomato;tomato
6338
dog
cat
corn
719
monkey
corn
dog
tomato
carrot
corn
zebra
monkey
monkey
cat;cat;cat;cat;cat
zebra
monkey;monkey;monkey;monkey;monkey;monkey
corn
tomato
monkey
dog
monkey;monkey;monkey;monkey
zebra;zebra;zebra;zebra;zebra
corn
corn
zebra
zebra
carrot
zebra
dog
monkey
cat
zebra;zebra;zebra;zebra;zebra;zebra
cat
zebra
cat;cat;cat
zebra
cat
cat;cat;cat;cat
cat;cat;cat;cat
zebra
monkey
zebra
cat
cat
monkey
tomato
carrot;carrot;carrot;carrot;carrot;carrot
monkey;monkey;monkey;monkey;monkey;monkey
corn
tomato
8322
monkey
corn
zebra
corn
dog
dog
zebra
monkey;monkey;monkey;monkey;monkey
cat
monkey
cat
corn
cat
cat;cat;cat;cat;cat;cat
dog
zebra
dog
cat;cat
corn
monkey
cat
3298
cat;cat;cat;cat;cat
corn
monkey
cat
zebra
corn
dog
zebra
zebra
tomato
cat
cat
cat
cat;cat
dog
zebra
zebra
monkey;monkey;monkey;monkey;monkey
cat
zebra
cat
zebra
6629
monkey
monkey
monkey;monkey;monkey;monkey;monkey;monkey
monkey
cat;cat
cat
zebra;zebra;zebra
monkey
zebra
cat;cat;cat;cat
monkey;monkey;monkey;monkey;monkey
monkey
monkey
monkey
carrot
carrot
tomato;tomato;tomato
corn
dog
tomato
monkey
monkey
zebra
zebra;zebra
tomato
monkey
carrot
cat
dog;dog;dog;dog;dog
dog
zebra;zebra
zebra;zebra;zebra;zebra;zebra;zebra
carrot;carrot;carrot;carrot;carrot
6965
corn
carrot
monkey;monkey
carrot
cat
carrot;carrot;carrot;carrot;carrot;carrot
monkey
9881
zebra
cat;cat
monkey
corn
zebra
8200
carrot
carrot;carrot;carrot;carrot;carrot
zebra
monkey
corn
carrot
dog
dog;dog;dog;dog
carrot
dog
zebra
monkey;monkey;monkey;monkey;monkey;monkey
monkey
carrot
monkey
cat
zebra
corn
zebra
zebra
corn
zebra
cat
monkey;monkey;monkey;monkey;monkey
3457
zebra
monkey
corn
tomato
carrot
monkey
cat
zebra
dog
monkey
zebra
cat;cat;cat;cat;cat;cat
cat
cat;cat;cat;cat;cat
monkey;monkey;monkey;monkey;monkey
monkey
zebra
monkey
zebra
10087
zebra
cat
zebra
cat
cat
monkey
zebra
monkey
carrot
zebra
corn
zebra
monkey
zebra
carrot
carrot;carrot
zebra
carrot
monkey
carrot
dog
corn
monkey
zebra
zebra;zebra;zebra;zebra
zebra
monkey
monkey
monkey;monkey;monkey;monkey;monkey
dog
1143
monkey;monkey
zebra
zebra
zebra
monkey;monkey;monkey;monkey
cat
monkey
zebra
cat
zebra;zebra
corn
dog
carrot;carrot;carrot;carrot
cat;cat;cat;cat;cat
carrot
corn
dog
corn
cat
cat
7820
cat
carrot;carrot;carrot;carrot
monkey
zebra
monkey
monkey
cat;cat;cat;cat;cat
cat
zebra
cat
zebra
zebra
cat
cat
cat
dog
cat
zebra;zebra;zebra
monkey;monkey;monkey;monkey;monkey
cat;cat;cat;cat
corn;corn;corn
cat
cat;cat;cat
6537
monkey
dog
zebra;zebra;zebra;zebra;zebra;zebra
monkey
zebra
dog
carrot
dog;dog;dog;dog;dog;dog
monkey
monkey;monkey;monkey;monkey;monkey;monkey
zebra
monkey
corn
carrot;carrot;carrot
monkey
cat
cat
monkey
monkey
corn
zebra
monkey
zebra;zebra;zebra
monkey
tomato
zebra
cat
zebra;zebra
cat;cat;cat;cat;cat
tomato
cat
dog;dog
dog
zebra
corn
cat
tomato
cat
zebra
monkey
corn
dog;dog;dog;dog;dog
dog
zebra
cat
zebra
tomato
carrot
zebra
carrot
zebra;zebra
monkey;monkey;monkey;monkey;monkey
dog
cat
cat;cat
corn;corn;corn;corn;corn
tomato
cat
monkey
carrot
zebra;zebra;zebra;zebra;zebra
zebra
dog;dog;dog;dog
1500
cat;cat;cat;cat;cat
cat
monkey
dog
monkey
zebra
monkey
zebra
dog
zebra
zebra
7781
dog
cat
cat;cat;cat;cat
zebra;zebra;zebra
carrot
carrot
corn;corn;corn;corn;corn
cat;cat
monkey
corn
cat
carrot
carrot
8188
monkey
cat;cat;cat
monkey;monkey;monkey
zebra
carrot;carrot;carrot;carrot;carrot;carrot
1291
monkey
zebra
tomato
zebra
monkey
5234
zebra
zebra
cat
carrot
zebra
zebra
monkey
zebra;zebra;zebra;zebra;zebra
corn
monkey
zebra
monkey
carrot
monkey
zebra
cat;cat;cat;cat
tomato
zebra
zebra
carrot
zebra
corn
cat;cat;cat;cat;cat
cat
monkey
corn
carrot
carrot
monkey;monkey;monkey;monkey;monkey
zebra
monkey;monkey;monkey;monkey
zebra;zebra;zebra
monkey
745
cat
8982
monkey
zebra
cat
zebra
monkey
zebra;zebra;zebra;zebra;zebra
cat
monkey
zebra
zebra;zebra
corn
monkey
monkey
dog
2068
cat
monkey
monkey
monkey
zebra
monkey
cat
3994
carrot
zebra
corn
carrot
carrot
monkey
monkey
cat
corn;corn;corn
dog
cat
monkey;monkey;monkey;monkey;monkey
corn
1138
dog;dog;dog;dog;dog
corn;corn
monkey
carrot
monkey
cat
zebra;zebra;zebra;zebra;zebra;zebra
tomato;tomato
dog
zebra
corn;corn;corn;corn
7901
dog
monkey
zebra
zebra
monkey
tomato
cat;cat;cat;cat;cat
corn
cat
carrot
monkey
dog
monkey
monkey;monkey
corn
zebra
monkey;monkey;monkey;monkey;monkey;monkey
corn
zebra
carrot
carrot
cat
monkey;monkey
5117
zebra
5976
zebra;zebra;zebra
monkey
cat
monkey
zebra
tomato
monkey
cat;cat;cat;cat;cat;cat
zebra
cat
cat
carrot
zebra
monkey;monkey;monkey;monkey;monkey
corn
cat
cat
cat
zebra
cat
monkey
monkey;monkey;monkey;monkey;monkey
monkey;monkey;monkey;monkey;monkey;monkey
tomato
monkey
monkey
monkey;monkey;monkey
monkey
dog;dog
carrot
monkey;monkey
cat
5703
cat;cat;cat;cat;cat;cat
cat
zebra
monkey
982
carrot;carrot;carrot;carrot;carrot
dog
cat
zebra
monkey
zebra
carrot
carrot
corn
cat
monkey;monkey;monkey;monkey;monkey;monkey
monkey
monkey
zebra
zebra
2028
cat
zebra
carrot
zebra
monkey;monkey;monkey;monkey
zebra
cat
cat
tomato;tomato;tomato;tomato;tomato;tomato
zebra
cat;cat;cat;cat;cat
corn
cat
tomato
monkey
monkey
carrot
cat
zebra
tomato;tomato
cat
cat
monkey
corn
cat
dog;dog;dog;dog;dog
monkey;monkey;monkey
cat;cat;cat;cat;cat
dog;dog;dog
monkey;monkey;monkey
tomato
corn
monkey
carrot
monkey
corn;corn;corn;corn
zebra
monkey
monkey
corn
cat;cat;cat
zebra;zebra
monkey
dog;dog;dog;dog;dog;dog
cat
monkey
cat;cat;cat;cat;cat;cat
monkey
zebra
2883
936
monkey
441
monkey
tomato
cat
monkey
zebra
cat
tomato;tomato;tomato;tomato
dog;dog
cat
cat;cat;cat;cat
zebra
carrot
cat;cat;cat;cat;cat
5548
zebra
corn
zebra
carrot
zebra;zebra
cat
zebra
tomato
zebra
monkey
10016
zebra
zebra
carrot
corn
cat
zebra
cat
zebra
monkey
zebra
monkey
monkey
cat;cat;cat;cat
376
corn
8454
monkey
carrot
cat
cat
cat
cat;cat;cat;cat;cat
zebra;zebra;zebra;zebra
zebra
dog
cat
monkey
zebra
dog
zebra
cat
monkey
zebra
monkey
cat
monkey
monkey
dog
zebra;zebra
cat
cat;cat;cat;cat
monkey
10145
monkey;monkey;monkey;monkey;monkey
zebra
tomato
dog
dog
corn
cat
zebra
monkey;monkey
cat
zebra;zebra;zebra;zebra;zebra;zebra
monkey
zebra
dog;dog;dog;dog;dog;dog
tomato
corn;corn;corn;corn
2448
cat
zebra;zebra;zebra;zebra;zebra
dog
cat
monkey;monkey
dog
monkey
monkey
dog
cat;cat
zebra;zebra;zebra;zebra;zebra;zebra
cat
cat;cat;cat;cat;cat;cat
cat;cat;cat;cat;cat
cat
zebra
zebra
cat;cat;cat;cat;cat
cat
cat
monkey;monkey;monkey
7388
carrot;carrot;carrot
cat
monkey
monkey
dog
dog
dog;dog;dog;dog
dog
cat;cat
zebra
monkey
cat
zebra
monkey;monkey
tomato
monkey;monkey;monkey;monkey;monkey
zebra
dog
monkey;monkey;monkey;monkey;monkey
zebra
cat;cat;cat;cat
4156
cat
dog
zebra;zebra;zebra;zebra;zebra;zebra
zebra
zebra
zebra;zebra;zebra;zebra;zebra
monkey
corn
10077
cat
monkey;monkey;monkey
zebra
6140
tomato
carrot
zebra
carrot
zebra
monkey
monkey
cat
zebra
monkey
cat
monkey;monkey;monkey
cat
cat
monkey
tomato
zebra
corn
corn
zebra
dog
zebra
tomato
cat;cat
monkey
monkey
monkey
monkey;monkey
cat;cat;cat;cat;cat;cat
9647
carrot
monkey;monkey;monkey
zebra
7478
cat
cat
cat
cat
dog
tomato
dog
tomato
carrot
tomato
zebra
monkey;monkey;monkey;monkey;monkey;monkey
cat
carrot;carrot;carrot
10148
zebra
carrot
monkey;monkey;monkey;monkey;monkey
tomato
zebra
dog
dog
zebra
dog
tomato;tomato;tomato;tomato;tomato
zebra
monkey
tomato
carrot
cat;cat
monkey
zebra
dog
cat
monkey
monkey;monkey;monkey;monkey;monkey
monkey
cat;cat;cat;cat;cat;cat
zebra
monkey
cat
cat;cat;cat;cat;cat;cat
corn
zebra
zebra;zebra;zebra;zebra;zebra;zebra
zebra;zebra;zebra;zebra
dog
monkey
dog;dog;dog
monkey
carrot
zebra
zebra
zebra
zebra
cat
monkey
zebra
zebra
dog
monkey
zebra
cat;cat
dog;dog;dog
monkey
monkey
dog
corn
zebra
zebra
monkey
cat
carrot
dog
703
zebra;zebra;zebra;zebra
dog
cat
9494
cat
carrot
monkey
zebra
cat
monkey
cat
cat;cat;cat
monkey;monkey;monkey;monkey;monkey
zebra
tomato
tomato
zebra;zebra
zebra
corn
tomato;tomato
cat
carrot
zebra
monkey
zebra
cat
corn
cat;cat
zebra
monkey
cat
monkey
monkey;monkey
monkey
cat
dog
dog
cat
monkey
zebra;zebra;zebra;zebra;zebra;zebra
tomato
1249
dog
cat
3986
monkey
monkey
tomato
cat;cat
cat;cat;cat;cat;cat;cat
cat;cat;cat
zebra
monkey;monkey;monkey;monkey;monkey;monkey
tomato;tomato
carrot
4708
zebra
tomato
cat
cat
carrot
corn
dog
zebra;zebra;zebra;zebra;zebra
dog;dog;dog;dog;dog
7939
zebra
zebra
monkey;monkey;monkey;monkey;monkey;monkey
monkey;monkey;monkey;monkey
cat;cat;cat;cat;cat
cat
monkey
monkey;monkey;monkey
dog;dog;dog;dog;dog;dog
monkey
monkey
1863
monkey
monkey;monkey;monkey
carrot;carrot;carrot;carrot;carrot
monkey
10319
carrot;carrot
carrot
carrot
carrot
cat;cat
tomato;tomato;tomato
monkey
carrot
tomato
zebra
corn
monkey
monkey
monkey;monkey;monkey;monkey;monkey;monkey
monkey;monkey;monkey;monkey
monkey
zebra
monkey
dog;dog;dog
carrot
cat
carrot
cat
corn
cat;cat
monkey
monkey
monkey;monkey;monkey
cat
carrot
monkey;monkey;monkey;monkey;monkey
zebra
monkey;monkey;monkey;monkey;monkey;monkey
zebra;zebra
corn;corn;corn;corn
monkey
tomato
monkey
monkey
monkey
cat
monkey
tomato
dog
cat
cat
monkey;monkey;monkey;monkey;monkey
monkey
dog
cat;cat;cat
carrot;carrot
994
monkey
zebra;zebra;zebra;zebra;zebra;zebra
carrot
monkey
cat;cat;cat;cat;cat
monkey
zebra;zebra;zebra;zebra;zebra
zebra
dog
monkey
carrot;carrot;carrot;carrot;carrot;carrot
dog
carrot;carrot;carrot;carrot;carrot
dog;dog;dog;dog
dog
monkey
cat
monkey
zebra
monkey;monkey;monkey;monkey;monkey;monkey
carrot
monkey
carrot
cat
cat
dog
dog
zebra
cat
zebra
monkey
cat
monkey
monkey
dog
cat
dog;dog;dog;dog
cat
monkey
cat;cat;cat;cat;cat
monkey
cat;cat;cat
monkey
monkey
carrot
cat
cat
carrot
monkey
corn
cat
monkey;monkey
dog
cat;cat;cat
zebra
zebra
monkey
zebra
zebra
carrot
cat;cat;cat
dog;dog;dog;dog
cat;cat;cat;cat;cat;cat
monkey;monkey
zebra;zebra;zebra;zebra;zebra
zebra
monkey
zebra
zebra
dog
cat
monkey
3758
carrot
cat
dog
cat
monkey
zebra
tomato
carrot;carrot;carrot
corn;corn;corn;corn;corn
monkey
monkey
zebra
dog;dog;dog;dog
monkey
zebra
carrot
zebra
1199
cat
carrot
zebra
monkey
tomato
3958
zebra;zebra;zebra;zebra
zebra
dog
dog;dog;dog;dog
cat
monkey;monkey
4319
cat
monkey
monkey
cat
zebra
zebra
7445
cat
monkey
dog
zebra
zebra
cat
tomato
zebra;zebra;zebra;zebra;zebra
monkey
cat
monkey
zebra
monkey
monkey;monkey;monkey;monkey;monkey;monkey
monkey
monkey
carrot
monkey
monkey
6167
zebra
dog
monkey;monkey
zebra
corn
monkey
cat
cat
tomato;tomato;tomato;tomato;tomato;tomato
corn;corn;corn;corn
carrot
monkey
corn
1630
corn
monkey
cat
monkey
monkey;monkey;monkey;monkey;monkey
cat
3421
cat;cat;cat;cat
monkey
zebra;zebra
corn;corn;corn;corn;corn
cat
1167
zebra
cat
zebra
monkey
tomato
monkey;monkey;monkey;monkey;monkey;monkey
zebra
zebra
3733
monkey
4125
dog
monkey
cat
cat
cat
cat
monkey
monkey;monkey
dog
cat
monkey;monkey;monkey;monkey;monkey
zebra
4675
cat
zebra
monkey;monkey;monkey
zebra
monkey
zebra
monkey
monkey
cat;cat
monkey
zebra
zebra
cat;cat;cat
zebra
cat
cat
zebra
monkey
zebra;zebra
zebra
4545
cat
monkey
cat;cat;cat;cat;cat
cat;cat;cat;cat;cat
corn
cat
cat
dog
monkey
tomato;tomato
cat
zebra;zebra;zebra
dog
zebra
zebra
zebra;zebra;zebra;zebra
zebra
carrot
carrot;carrot;carrot;carrot
zebra;zebra;zebra;zebra
4418
dog
tomato;tomato;tomato;tomato;tomato
monkey;monkey;monkey;monkey;monkey
monkey;monkey;monkey
zebra
carrot
zebra
corn;corn;corn;corn;corn;corn
dog;dog;dog;dog
corn
monkey
zebra;zebra
cat
652
monkey;monkey;monkey
zebra
dog
cat
corn;corn;corn
cat
zebra
cat;cat;cat
monkey;monkey
dog
carrot;carrot;carrot;carrot;carrot;carrot
zebra
dog
cat
zebra;zebra
monkey
cat
dog
monkey;monkey;monkey
corn
cat
tomato
dog
zebra
zebra
zebra
zebra
carrot
zebra
cat
cat
tomato
monkey
cat
dog
dog
monkey
dog;dog;dog;dog
cat;cat;cat
corn
tomato;tomato;tomato;tomato;tomato;tomato
carrot
zebra
dog
monkey
tomato
cat
zebra
monkey
dog
cat
cat;cat;cat;cat
7397
zebra
cat
monkey
tomato;tomato;tomato
zebra
corn
monkey
dog
zebra
cat
cat
cat
monkey
corn
carrot
zebra
monkey
carrot
cat
cat;cat;cat
cat
zebra
monkey
carrot
carrot
monkey;monkey;monkey;monkey;monkey
dog
4289
monkey;monkey;monkey;monkey;monkey
monkey
monkey
monkey
monkey
zebra
monkey
cat
zebra
dog;dog;dog;dog;dog
cat;cat;cat;cat;cat;cat
monkey;monkey;monkey;monkey
carrot
tomato
zebra
cat
cat
zebra;zebra
cat;cat;cat;cat;cat;cat
10487
zebra;zebra;zebra
dog;dog;dog;dog;dog
monkey
zebra
cat
dog
zebra
monkey
zebra
carrot
corn;corn;corn;corn
carrot;carrot;carrot
carrot
tomato
cat
zebra;zebra;zebra;zebra;zebra;zebra
corn;corn;corn;corn;corn;corn
dog;dog;dog;dog;dog
monkey
monkey
corn
tomato
monkey
zebra
dog
monkey
dog;dog;dog
cat;cat;cat;cat;cat;cat
monkey
carrot
zebra
cat;cat
monkey
zebra
cat;cat
corn
3846
corn
cat
tomato
corn
dog
carrot
dog
dog
monkey
carrot
cat
zebra
zebra;zebra;zebra;zebra;zebra;zebra
monkey;monkey;monkey;monkey
monkey
zebra
dog
carrot
monkey
cat
cat;cat;cat;cat;cat;cat
carrot
cat
monkey
zebra
dog
zebra;zebra;zebra
cat;cat;cat
zebra
dog
monkey;monkey;monkey;monkey
zebra
cat
zebra
monkey;monkey;monkey;monkey;monkey
zebra
cat
zebra
zebra
corn
corn;corn;corn;corn;corn
397
zebra
corn
zebra
cat
zebra;zebra;zebra
cat;cat;cat
corn
cat;cat;cat;cat;cat
cat
monkey
cat
monkey
zebra
zebra;zebra;zebra;zebra;zebra
monkey
corn
monkey
zebra
cat
zebra;zebra;zebra;zebra
cat
dog
dog;dog;dog;dog
monkey
monkey;monkey;monkey;monkey
monkey;monkey;monkey;monkey;monkey
cat
cat
monkey
monkey
cat
cat
zebra
monkey;monkey;monkey;monkey;monkey;monkey
zebra
corn;corn;corn
monkey
carrot
zebra
monkey
cat
7497
zebra
zebra
monkey
cat
monkey
zebra
dog
dog
cat
carrot;carrot;carrot;carrot
cat;cat;cat
zebra
dog;dog;dog;dog;dog
zebra
zebra
cat
cat
carrot
monkey
zebra
zebra;zebra;zebra
zebra;zebra
carrot
monkey
cat
zebra
monkey
dog;dog;dog
monkey
monkey;monkey;monkey;monkey
monkey
10128
monkey
9389
monkey;monkey;monkey;monkey
tomato
zebra
cat
cat;cat;cat;cat
zebra;zebra
corn
monkey
cat
carrot
zebra;zebra
zebra
cat
monkey
cat;cat
monkey
dog
cat;cat
tomato
zebra
zebra
corn
monkey
monkey
corn
zebra;zebra;zebra;zebra
4072
cat
monkey
tomato
carrot
zebra
monkey;monkey;monkey;monkey;monkey;monkey
tomato
zebra
dog
cat
monkey
dog
monkey
zebra
7582
zebra
cat
zebra
cat;cat
tomato
cat
monkey
monkey
zebra
monkey
monkey
cat
monkey;monkey
cat
dog
monkey;monkey;monkey
carrot;carrot;carrot;carrot;carrot
cat;cat;cat;cat;cat;cat
carrot
cat
dog;dog
cat
zebra
cat
monkey
monkey
cat
monkey
zebra
dog;dog;dog;dog;dog;dog
cat
carrot
monkey
zebra
zebra;zebra;zebra;zebra
dog
monkey;monkey;monkey;monkey;monkey;monkey
zebra
tomato
monkey
zebra
carrot
monkey;monkey;monkey;monkey;monkey;monkey
7189
zebra
10075
zebra
zebra
monkey
2470
zebra
zebra
cat
monkey
monkey
cat
zebra
zebra
cat
dog
cat;cat;cat
zebra
monkey
monkey
monkey
dog
zebra
corn
monkey
zebra
monkey
monkey
cat
monkey
monkey
monkey
dog;dog;dog;dog
dog
cat
cat;cat;cat
zebra
monkey
dog
3289
cat
zebra;zebra
carrot
cat;cat;cat;cat
corn
zebra
dog
zebra
monkey
dog
dog
monkey
monkey
monkey
zebra
dog
cat
zebra
corn;corn;corn;corn;corn
zebra
zebra
cat;cat;cat
cat
zebra
carrot
dog
monkey
cat
carrot;carrot;carrot;carrot
cat
zebra
monkey;monkey;monkey;monkey;monkey;monkey
monkey;monkey;monkey
corn
dog
monkey;monkey
monkey;monkey;monkey;monkey
tomato
zebra
carrot
dog
zebra
corn
zebra
monkey
dog
zebra
monkey
cat
zebra
9279
zebra
2573
zebra;zebra;zebra
monkey
monkey
corn;corn;corn
zebra
monkey
carrot
zebra
dog
zebra
zebra;zebra;zebra;zebra
zebra
zebra;zebra;zebra;zebra;zebra
cat
monkey
dog
zebra
corn
corn
cat;cat
monkey
zebra
dog
monkey;monkey;monkey;monkey;monkey;monkey
monkey;monkey;monkey
zebra
cat
zebra
carrot
cat
monkey
zebra
10851
cat
cat
cat
tomato;tomato;tomato;tomato
zebra
zebra;zebra;zebra;zebra;zebra
cat
monkey
2369
862
dog;dog;dog
monkey;monkey;monkey;monkey
monkey
zebra;zebra
monkey;monkey;monkey
cat
zebra
tomato
cat
monkey
corn
corn
monkey
carrot
carrot
monkey
2321
dog;dog;dog;dog;dog
carrot;carrot
monkey
cat
cat
corn
cat
monkey
tomato
zebra
dog
cat
dog
tomato;tomato
monkey
zebra
zebra;zebra;zebra;zebra
carrot
corn
cat
zebra
zebra;zebra;zebra;zebra;zebra
zebra
cat
dog
989
monkey
tomato
monkey;monkey
monkey
zebra;zebra;zebra;zebra
carrot
zebra;zebra;zebra;zebra;zebra;zebra
cat;cat;cat;cat
corn
cat
dog
cat
zebra
monkey
corn
monkey
zebra
monkey
zebra
carrot
cat
dog
monkey
monkey;monkey
zebra;zebra;zebra;zebra;zebra;zebra
monkey
monkey
monkey
zebra
cat;cat
9297
cat
corn
zebra;zebra;zebra
cat
dog
zebra
cat
tomato
tomato
cat
monkey
carrot
4050
monkey
cat
tomato
8001
zebra;zebra;zebra;zebra;zebra
cat
monkey
carrot
monkey
tomato;tomato;tomato;tomato
zebra
corn
zebra
monkey
cat
monkey
zebra;zebra;zebra;zebra;zebra
zebra
tomato
cat
zebra
zebra
monkey
monkey
9784
cat;cat;cat;cat;cat;cat
dog
corn
cat
monkey;monkey;monkey;monkey
tomato;tomato;tomato;tomato;tomato
zebra;zebra;zebra
dog
monkey;monkey;monkey;monkey;monkey
zebra
zebra
zebra;zebra;zebra
zebra
carrot
monkey
tomato;tomato;tomato;tomato;tomato;tomato
cat
7968
corn
monkey
zebra;zebra;zebra
dog
1328
dog
carrot;carrot
zebra
zebra
zebra
cat
zebra
zebra;zebra;zebra;zebra
monkey
monkey
cat
carrot
monkey
corn
monkey;monkey;monkey;monkey
monkey
cat
monkey
zebra;zebra
cat
monkey
zebra;zebra;zebra
zebra;zebra;zebra
monkey
cat
monkey
monkey
monkey;monkey;monkey;monkey;monkey
zebra
4542
monkey
tomato
carrot
dog
zebra;zebra;zebra;zebra;zebra;zebra
monkey
zebra
cat
carrot
cat
monkey
monkey
monkey
cat
4483
monkey
dog;dog;dog;dog;dog
monkey
corn
zebra
monkey;monkey
dog;dog;dog;dog;dog;dog
tomato
zebra
zebra
zebra
tomato
7728
cat
zebra
monkey
monkey;monkey;monkey;monkey;monkey;monkey
zebra
cat;cat
monkey
monkey
carrot
carrot;carrot
cat
zebra
cat
monkey
cat
monkey
zebra
zebra
cat
corn
dog
monkey
monkey
corn
zebra
zebra
monkey
dog
monkey
monkey;monkey;monkey;monkey;monkey;monkey
monkey
cat
cat
zebra
cat
monkey
1517
tomato
carrot
dog
cat;cat;cat
monkey
cat
tomato
carrot
dog;dog;dog
carrot
dog
carrot;carrot;carrot
4402
zebra;zebra;zebra;zebra
tomato
monkey
monkey
corn
zebra
cat
carrot
tomato
tomato;tomato;tomato;tomato;tomato;tomato
cat
cat
tomato
zebra
zebra;zebra;zebra;zebra;zebra
dog
monkey;monkey;monkey;monkey;monkey
zebra
zebra
monkey
cat
zebra
dog
carrot
5846
2373
dog
carrot
carrot
monkey
carrot
cat
cat
zebra
tomato
zebra
zebra
tomato
monkey
monkey;monkey;monkey
cat
cat
corn
cat
zebra
dog
carrot
cat;cat;cat;cat
cat
monkey
carrot
zebra
cat
zebra
carrot
cat
monkey
carrot
monkey
corn
monkey
9785
cat
dog
monkey
cat
dog
zebra
4883
monkey;monkey;monkey;monkey;monkey
monkey;monkey;monkey;monkey;monkey;monkey
dog
zebra
cat
tomato
zebra
zebra
zebra;zebra
cat;cat;cat;cat
cat;cat;cat;cat
dog
dog
corn;corn;corn;corn;corn
cat;cat;cat;cat
carrot
carrot
cat
dog
dog;dog;dog;dog;dog;dog
dog
carrot;carrot
monkey
zebra;zebra;zebra
tomato
cat
dog
zebra
dog;dog;dog;dog
cat
monkey;monkey;monkey;monkey;monkey;monkey
monkey
cat
zebra
zebra
dog
cat
zebra
monkey
dog
zebra
zebra
zebra;zebra;zebra
monkey
carrot;carrot
zebra
dog
corn
dog
cat;cat;cat;cat;cat;cat
corn
cat
zebra
200
monkey
zebra;zebra
tomato
dog
5194
dog
monkey;monkey;monkey
carrot
zebra
cat
monkey;monkey
cat
zebra
cat
carrot
carrot
tomato
monkey
corn
zebra
zebra
monkey
corn
monkey
3308
cat
zebra
monkey
937
dog;dog;dog;dog;dog;dog
cat
cat
tomato
zebra
monkey
tomato
tomato
monkey
cat
cat;cat
carrot
cat
5074
monkey
monkey
cat;cat
tomato
zebra
monkey
dog
zebra
monkey
dog;dog;dog
corn
monkey
zebra
zebra
dog
zebra
monkey
zebra
tomato
cat;cat;cat
corn
monkey
zebra
cat
zebra
monkey;monkey;monkey;monkey;monkey;monkey
zebra
zebra
monkey
cat
zebra
tomato;tomato
dog;dog;dog;dog;dog
monkey
dog
monkey
cat
zebra
carrot
dog
tomato
7864
3528
monkey
monkey
monkey
zebra
monkey
monkey;monkey;monkey;monkey;monkey;monkey
cat
cat
zebra;zebra;zebra;zebra;zebra
monkey
monkey
corn
monkey
zebra
carrot
monkey
dog;dog;dog
3491
zebra
carrot;carrot;carrot;carrot;carrot;carrot
cat;cat
5689
corn
carrot
dog
zebra
monkey;monkey
zebra
cat
zebra
cat
dog
tomato
9305
zebra
dog
carrot
corn;corn;corn;corn
zebra
tomato
cat
monkey
dog
cat
corn
monkey
7627
9011
dog
tomato;tomato;tomato;tomato;tomato;tomato
monkey
monkey
corn
monkey
dog
cat
dog
monkey
zebra
zebra
carrot;carrot;carrot
dog
corn
tomato;tomato;tomato;tomato
monkey
dog;dog;dog;dog
monkey
corn
carrot
monkey
cat
tomato
cat
zebra;zebra
zebra
carrot
monkey
monkey;monkey;monkey;monkey
zebra
monkey
monkey
monkey;monkey;monkey;monkey
monkey;monkey;monkey;monkey;monkey
monkey;monkey
10625
zebra
monkey;monkey;monkey;monkey
zebra
monkey
dog;dog;dog;dog
carrot
cat
monkey
dog
zebra
cat
cat
carrot
monkey;monkey;monkey;monkey
dog
monkey
monkey;monkey;monkey
dog
cat
zebra
corn
tomato
monkey
monkey
cat
zebra
monkey;monkey;monkey
carrot
dog
corn
corn
zebra
cat;cat;cat
zebra;zebra;zebra;zebra;zebra;zebra
cat
monkey
cat
cat;cat;cat;cat
cat
cat
carrot
carrot
cat;cat;cat;cat
dog
zebra
monkey
cat;cat;cat;cat;cat
2781
cat;cat;cat;cat;cat
zebra;zebra;zebra;zebra
zebra
zebra;zebra;zebra;zebra;zebra;zebra
cat
cat
dog;dog;dog;dog;dog
cat
dog
zebra
cat;cat;cat
monkey
corn
cat
zebra
corn
zebra
monkey
8269
cat
carrot;carrot;carrot;carrot;carrot;carrot
carrot
corn
cat
monkey
zebra;zebra;zebra;zebra;zebra;zebra
cat;cat;cat;cat;cat
monkey;monkey
dog
cat
cat
cat
cat
zebra
zebra
monkey
zebra
monkey
zebra
corn
monkey
dog;dog;dog
zebra
dog
5070
tomato
corn
cat;cat
cat;cat;cat;cat;cat;cat
monkey
cat
tomato
zebra
monkey
monkey
monkey
zebra
dog
zebra
monkey;monkey;monkey;monkey
carrot
monkey
cat
cat
cat
cat
dog
dog
zebra;zebra;zebra;zebra
cat
corn;corn;corn;corn;corn
cat
carrot
monkey;monkey;monkey;monkey;monkey;monkey
dog
6190
zebra
dog
monkey
cat
monkey
dog
dog
cat
monkey
monkey
cat
monkey
carrot
monkey
cat
zebra;zebra;zebra;zebra
cat
zebra;zebra;zebra;zebra;zebra
carrot
zebra
monkey
carrot;carrot;carrot;carrot;carrot
carrot
corn
zebra
dog
zebra;zebra
cat;cat;cat;cat
zebra;zebra;zebra
zebra
monkey
cat
monkey
dog
monkey;monkey
zebra
cat
monkey;monkey;monkey;monkey
zebra
cat
monkey
dog;dog;dog;dog;dog
carrot
monkey
cat
cat
monkey;monkey
zebra;zebra;zebra;zebra;zebra
zebra;zebra
5322
monkey;monkey;monkey;monkey;monkey;monkey
dog
cat
carrot
zebra
corn
zebra
zebra
corn
cat
cat;cat;cat;cat;cat;cat
cat
cat
tomato
monkey
zebra
dog
dog
monkey;monkey;monkey;monkey;monkey
dog
zebra
corn
dog
zebra
monkey
monkey
zebra
tomato
dog
cat
dog;dog;dog
monkey;monkey;monkey
corn
9086
corn
tomato;tomato;tomato;tomato;tomato
monkey
dog
cat
monkey
zebra
zebra
zebra
zebra
zebra
monkey
dog
5052
10936
zebra
6408
monkey;monkey
cat
cat;cat;cat
zebra
1782
zebra;zebra;zebra
zebra
monkey;monkey;monkey
tomato
zebra;zebra;zebra;zebra;zebra
tomato;tomato
carrot
dog
tomato
corn;corn;corn;corn
cat;cat
zebra
zebra
zebra;zebra;zebra
monkey
tomato
cat
cat
zebra
cat
cat
cat
cat
cat
monkey;monkey;monkey;monkey;monkey
zebra
monkey
zebra
7309
carrot
cat
monkey
cat
monkey
zebra
cat
corn
zebra;zebra;zebra;zebra;zebra
cat;cat;cat
zebra
zebra
monkey
zebra
monkey
monkey
dog
corn;corn
2793
5925
cat
zebra
monkey
zebra
monkey
monkey
corn
monkey
zebra;zebra;zebra;zebra;zebra;zebra
zebra
cat
monkey
dog
carrot
cat
monkey
8471
cat
tomato
monkey
carrot
cat
cat
tomato
monkey
zebra;zebra;zebra
cat;cat;cat;cat;cat;cat
monkey
tomato
4645
cat
cat;cat;cat;cat;cat
monkey;monkey
zebra
dog
carrot
zebra
zebra
cat
zebra
carrot
tomato
cat
carrot
cat
carrot;carrot;carrot;carrot;carrot
zebra
cat
monkey
monkey
monkey
zebra
monkey;monkey;monkey;monkey;monkey;monkey
monkey
corn
zebra
carrot
zebra;zebra;zebra;zebra;zebra
monkey
monkey
cat
monkey
carrot
zebra
zebra
zebra
corn;corn;corn;corn;corn
zebra;zebra;zebra;zebra
zebra;zebra;zebra;zebra;zebra
monkey
monkey
8995
cat
zebra
corn
zebra
monkey;monkey;monkey
dog
cat
carrot
cat
cat;cat
cat
cat
zebra
7091
tomato
tomato
4032
zebra
monkey
cat
monkey
monkey
dog
zebra;zebra;zebra;zebra
cat
dog
zebra
monkey
7313
dog
10610
zebra
zebra
tomato
zebra
corn
corn
dog
monkey
dog;dog;dog;dog
dog
zebra
zebra
carrot;carrot;carrot;carrot;carrot
corn
carrot
tomato
zebra
monkey
monkey
carrot
monkey
zebra
corn;corn;corn;corn;corn
monkey;monkey;monkey;monkey
cat;cat;cat
7778
corn
tomato;tomato;tomato;tomato;tomato
zebra
carrot
zebra;zebra;zebra
1576
zebra
cat;cat;cat;cat
zebra
zebra;zebra;zebra;zebra;zebra;zebra
corn
dog
zebra;zebra;zebra;zebra;zebra
dog
dog;dog
monkey
monkey
dog
monkey
monkey
monkey
dog
carrot
tomato
cat
cat
carrot;carrot;carrot
cat
zebra;zebra;zebra;zebra
zebra
cat;cat;cat;cat;cat
monkey
zebra
monkey
corn
cat
tomato
monkey
zebra
monkey
zebra
cat
zebra
monkey
dog
10558
dog
monkey
dog;dog
6654
zebra;zebra;zebra;zebra;zebra;zebra
cat
tomato
dog;dog;dog;dog;dog
1746
corn
175
cat
dog
cat
zebra
zebra
monkey;monkey;monkey;monkey;monkey
cat;cat;cat
zebra
zebra
zebra
cat
zebra;zebra;zebra;zebra
monkey
zebra;zebra;zebra;zebra;zebra;zebra
cat
monkey;monkey;monkey
monkey
10861
cat;cat;cat;cat
dog;dog;dog;dog;dog;dog
monkey
cat
6301
corn
monkey;monkey;monkey
zebra
dog
zebra
dog
corn
zebra;zebra
monkey;monkey;monkey;monkey
monkey
monkey
monkey
cat
zebra
cat
zebra;zebra;zebra;zebra;zebra;zebra
corn
dog
monkey
zebra
carrot
9380
carrot;carrot;carrot;carrot
corn;corn;corn;corn;corn;corn
monkey
zebra
zebra
zebra;zebra;zebra
851
zebra
cat
carrot
cat
carrot;carrot;carrot;carrot;carrot
cat;cat;cat;cat;cat;cat
zebra;zebra
7526
monkey
carrot
monkey;monkey;monkey;monkey;monkey;monkey
cat
dog
monkey
dog
dog;dog;dog;dog;dog;dog
corn;corn;corn;corn;corn
cat
monkey
cat
carrot
monkey
monkey
monkey
cat
zebra
cat
zebra
monkey;monkey
monkey
zebra
monkey
zebra
7359
cat
monkey
tomato
zebra
zebra;zebra;zebra;zebra;zebra
monkey
zebra;zebra;zebra;zebra;zebra;zebra
9406
monkey;monkey;monkey
monkey
zebra;zebra;zebra;zebra
dog;dog
zebra
zebra
dog
zebra
cat
cat
carrot
zebra;zebra
monkey
zebra
zebra;zebra;zebra;zebra;zebra;zebra
10499
carrot
cat
tomato
carrot
5742
monkey
carrot
zebra
monkey
monkey
monkey;monkey
monkey;monkey;monkey;monkey;monkey;monkey
corn
zebra
cat
cat;cat;cat;cat;cat
tomato
5554
cat;cat;cat;cat
monkey
cat
carrot;carrot;carrot
carrot
zebra
monkey
monkey
cat
monkey
monkey
zebra
corn
monkey
tomato;tomato;tomato;tomato;tomato;tomato
dog
monkey
zebra
corn
carrot
corn
cat;cat;cat
tomato
tomato;tomato
corn
monkey
cat
dog
cat
cat
zebra
zebra
cat
cat
dog
corn
carrot;carrot;carrot;carrot;carrot
4312
dog
zebra
corn
carrot
corn
tomato;tomato;tomato;tomato
cat
dog
monkey
zebra
cat;cat;cat;cat;cat;cat
cat
zebra
dog
monkey
monkey
zebra
zebra
corn
dog
cat;cat;cat;cat;cat;cat
zebra
zebra;zebra;zebra
zebra
monkey
dog
cat
dog
dog
zebra
zebra
zebra
zebra
zebra;zebra;zebra;zebra
carrot
corn;corn;corn;corn;corn
cat;cat;cat;cat
zebra
dog;dog
cat
cat;cat
corn;corn;corn;corn;corn
monkey
dog
zebra
zebra
zebra
monkey
zebra;zebra;zebra;zebra
monkey;monkey;monkey;monkey;monkey
zebra
zebra
tomato
corn
tomato
dog;dog;dog;dog
monkey;monkey;monkey;monkey;monkey
monkey
monkey
2385
corn
zebra
monkey
zebra
carrot;carrot;carrot;carrot;carrot
cat
zebra;zebra
monkey
cat
monkey;monkey
dog
monkey
tomato
zebra;zebra;zebra;zebra;zebra
cat
monkey
zebra;zebra;zebra;zebra;zebra
zebra
monkey
dog
monkey
monkey
cat;cat;cat;cat;cat;cat
monkey
cat;cat
monkey
zebra
monkey;monkey;monkey;monkey;monkey;monkey
monkey
dog
cat;cat
cat
monkey
cat
cat
monkey;monkey;monkey;monkey
7406
monkey
tomato
cat
cat
zebra
zebra;zebra
dog
zebra;zebra;zebra
cat
corn;corn;corn;corn;corn
monkey
carrot
6285
dog;dog;dog
dog
monkey;monkey;monkey;monkey;monkey
monkey
monkey
cat
carrot
monkey;monkey;monkey;monkey;monkey
cat
cat;cat;cat;cat;cat
tomato
cat
zebra
dog
tomato
cat;cat;cat
zebra;zebra;zebra
cat
monkey
cat
10619
tomato;tomato;tomato
monkey
dog;dog;dog;dog;dog;dog
monkey
monkey
monkey;monkey;monkey;monkey;monkey;monkey
carrot;carrot
monkey
carrot
monkey;monkey;monkey;monkey;monkey;monkey
carrot
dog
monkey
zebra
cat
tomato
cat
monkey
dog
dog
dog
zebra
zebra
dog;dog;dog
monkey
cat
monkey
dog
cat
cat
zebra
monkey
cat
corn
zebra
652
zebra
zebra
monkey
zebra
cat
10426
monkey
5853
dog
corn
zebra;zebra;zebra;zebra;zebra;zebra
cat;cat;cat;cat
monkey
tomato
zebra
carrot;carrot;carrot;carrot
cat
corn
cat;cat;cat;cat;cat;cat
33
monkey
tomato
monkey;monkey
cat;cat;cat;cat;cat;cat
dog
zebra
corn
cat
cat
zebra
cat
cat;cat;cat;cat
monkey
tomato
cat;cat;cat;cat;cat
carrot
dog
monkey
carrot;carrot;carrot;carrot;carrot
cat
zebra
cat
carrot;carrot;carrot;carrot;carrot;carrot
monkey
monkey;monkey;monkey;monkey
carrot
zebra
tomato
cat
corn;corn
cat
zebra
dog;dog;dog
2902
cat
cat
monkey;monkey
dog;dog;dog
zebra;zebra
monkey;monkey;monkey;monkey;monkey
cat
carrot
cat
zebra
cat
dog
monkey
dog
monkey
zebra
cat
cat
corn
monkey
cat;cat;cat
cat
cat
monkey
zebra
tomato
zebra;zebra;zebra
cat
cat
cat
cat
cat
zebra;zebra;zebra
cat
corn
monkey
zebra
zebra;zebra;zebra;zebra;zebra
zebra
zebra;zebra;zebra;zebra;zebra
cat
cat;cat
tomato;tomato;tomato;tomato
zebra
tomato;tomato;tomato
zebra
zebra
zebra
9430
cat;cat;cat
monkey
cat
zebra
cat;cat;cat;cat;cat;cat
zebra;zebra;zebra;zebra
corn
dog
2615
dog
zebra;zebra;zebra;zebra;zebra;zebra
monkey
monkey
5342
zebra;zebra;zebra
zebra
cat;cat;cat;cat;cat
zebra
carrot
monkey
monkey
corn
tomato
corn
zebra
monkey
cat
zebra
corn
zebra
carrot;carrot;carrot;carrot
cat
dog
cat
monkey;monkey;monkey
zebra
corn
cat
zebra
tomato
zebra
cat
zebra
cat;cat
carrot
carrot
dog
cat;cat;cat
zebra
carrot
4549
zebra
zebra
zebra;zebra;zebra
cat
cat
zebra
zebra
cat
zebra
monkey
monkey
cat;cat;cat
zebra
corn;corn;corn;corn
zebra
zebra;zebra;zebra;zebra
zebra
monkey;monkey;monkey;monkey;monkey
dog
tomato
cat
cat;cat;cat;cat;cat
tomato;tomato;tomato;tomato;tomato;tomato
dog
zebra
monkey
monkey;monkey
dog
4461
tomato
dog
monkey
zebra
carrot
cat
10042
monkey
zebra
zebra;zebra
cat
carrot
zebra;zebra;zebra;zebra
cat
zebra
cat
tomato
cat
zebra
4764
zebra;zebra
monkey
monkey
monkey;monkey;monkey;monkey;monkey;monkey
monkey
monkey
tomato
carrot
dog
monkey
cat
cat;cat;cat;cat;cat;cat
zebra
tomato
zebra
cat
zebra;zebra;zebra
monkey
zebra
cat
6988
monkey
monkey;monkey;monkey;monkey
cat
carrot
9188
cat;cat;cat;cat;cat;cat
dog
zebra
zebra
1276
zebra;zebra;zebra;zebra;zebra;zebra
cat
cat
cat
cat;cat;cat
zebra
zebra
cat
monkey
zebra
monkey
cat;cat;cat
monkey;monkey
zebra
monkey
tomato;tomato
corn
monkey
zebra
dog
monkey
cat
zebra
monkey
carrot
zebra
monkey
10888
zebra
monkey
zebra
monkey
zebra
monkey
cat
monkey;monkey;monkey
zebra
monkey
zebra
carrot
zebra
zebra;zebra;zebra;zebra
corn;corn
cat
dog;dog;dog
zebra
zebra
zebra
dog
dog
cat
corn
monkey
cat
zebra
cat;cat
dog
dog
cat
monkey
monkey
corn
monkey
cat
monkey;monkey
monkey
tomato;tomato;tomato;tomato
zebra
corn
monkey;monkey;monkey;monkey;monkey;monkey
zebra
8683
cat
carrot
10298
monkey
zebra
monkey
cat;cat
corn
dog
carrot
carrot
2147
monkey
corn;corn;corn;corn;corn
monkey
monkey
zebra;zebra;zebra;zebra;zebra
cat
cat
monkey;monkey
zebra;zebra;zebra;zebra;zebra
cat
cat
tomato
7768
monkey
dog
carrot
cat;cat
carrot
monkey
monkey
zebra;zebra;zebra
carrot;carrot
zebra
zebra
carrot;carrot;carrot;carrot;carrot
carrot
monkey;monkey
monkey
dog
10337
monkey;monkey;monkey
cat
cat
zebra
monkey;monkey
corn
monkey
monkey;monkey;monkey;monkey
zebra
cat
dog
cat
cat
dog
carrot
zebra
3190
monkey
monkey
zebra
corn
zebra
monkey
monkey
monkey;monkey;monkey;monkey
zebra
carrot;carrot;carrot;carrot
cat
dog
zebra
carrot
monkey
monkey;monkey;monkey
zebra
zebra;zebra;zebra
carrot;carrot;carrot;carrot
dog;dog
monkey
cat;cat;cat;cat;cat
tomato
monkey
monkey
monkey
cat
monkey
cat;cat
zebra
zebra
monkey
cat;cat
monkey
cat
carrot
monkey;monkey
monkey
carrot
zebra
cat;cat;cat;cat;cat
zebra
monkey
corn
corn
dog
cat
zebra;zebra
monkey;monkey;monkey;monkey;monkey;monkey
cat
zebra
cat
zebra
cat
monkey
dog
monkey
monkey
zebra
corn
zebra
carrot
cat
cat
monkey
zebra;zebra;zebra;zebra
monkey;monkey;monkey;monkey;monkey
monkey
tomato
monkey
monkey
cat;cat;cat
cat
tomato
cat
monkey
cat
cat
zebra
tomato
monkey
cat;cat;cat;cat;cat;cat
cat
monkey
cat
tomato
monkey
cat
dog
cat
corn
monkey
8729
619
zebra
carrot
monkey
carrot;carrot;carrot;carrot;carrot
zebra;zebra;zebra;zebra
zebra;zebra;zebra;zebra;zebra
monkey
monkey
monkey;monkey;monkey;monkey;monkey
carrot
monkey
dog
monkey
carrot
dog
cat
7811
corn
carrot
cat
corn
monkey
monkey;monkey
monkey
monkey
zebra
dog
zebra;zebra;zebra
cat
monkey
dog
cat
zebra
tomato
dog;dog;dog;dog;dog;dog
171
corn
corn
zebra
cat
dog
carrot
cat
corn
zebra
corn
monkey
zebra
monkey
cat
monkey
carrot
10076
1843
monkey
corn
dog
tomato
cat
tomato;tomato;tomato
dog
zebra;zebra
monkey
zebra
dog
cat
dog
cat
zebra
monkey
monkey
zebra
dog;dog;dog;dog;dog
zebra;zebra;zebra;zebra;zebra;zebra
cat
monkey;monkey;monkey
corn
cat;cat;cat;cat
cat
monkey
zebra
monkey
zebra
dog;dog;dog;dog;dog;dog
cat
carrot
10653
5820
dog
corn;corn;corn
zebra
monkey
cat
carrot
1302
zebra
6329
dog
monkey
cat;cat;cat;cat
zebra
monkey
monkey
cat
carrot
zebra;zebra;zebra;zebra
zebra
1822
monkey;monkey;monkey;monkey
monkey;monkey;monkey;monkey;monkey;monkey
monkey
cat
8623
monkey
monkey
tomato
dog
cat
corn;corn;corn;corn
monkey;monkey
cat;cat;cat;cat
monkey
zebra
zebra
cat
corn
monkey
cat
cat
1244
tomato
zebra
corn
monkey
monkey
cat
cat;cat;cat
cat
zebra
dog
dog
cat
zebra
zebra
zebra
zebra
44
zebra;zebra;zebra;zebra
tomato
6546
monkey
monkey
carrot
zebra
zebra;zebra;zebra
cat
cat
monkey
zebra
zebra
cat
monkey
dog
carrot
cat;cat;cat;cat
cat
monkey
monkey
zebra;zebra;zebra;zebra
cat
carrot
tomato
cat
tomato
carrot
monkey
zebra
cat
zebra;zebra;zebra
cat
corn
zebra
monkey
dog
tomato
corn
dog
cat
monkey;monkey;monkey
cat
cat
cat;cat;cat;cat;cat
dog
dog
902
cat;cat;cat;cat;cat
dog
monkey
cat
dog
zebra
carrot
monkey
cat
monkey
monkey
cat
monkey;monkey;monkey
corn
zebra
cat
zebra
monkey
cat;cat;cat;cat;cat;cat
monkey
7460
dog
carrot
8677
monkey
zebra
zebra;zebra;zebra;zebra;zebra
cat
5046
corn
zebra
monkey
monkey;monkey;monkey;monkey;monkey
carrot
carrot;carrot
monkey
cat;cat;cat;cat;cat;cat
monkey
dog
cat
zebra
cat
tomato
corn
dog
cat
monkey;monkey;monkey;monkey
9468
zebra
zebra
monkey;monkey;monkey;monkey;monkey
cat
dog
tomato
zebra;zebra
zebra
zebra
zebra
carrot
monkey
2834
zebra
tomato
carrot
dog
cat
tomato
dog
dog
zebra
monkey
zebra
monkey
dog;dog
monkey
cat
dog
cat;cat;cat;cat;cat
carrot
zebra;zebra;zebra;zebra;zebra
3616
cat
cat;cat;cat;cat;cat
dog
monkey
monkey;monkey;monkey
monkey
8619
zebra
monkey
monkey
cat
carrot
cat
monkey
monkey;monkey;monkey;monkey;monkey
monkey
zebra;zebra;zebra;zebra
cat
monkey
carrot
cat
monkey
dog;dog;dog;dog;dog
5353
zebra
zebra
monkey;monkey;monkey;monkey;monkey
dog
monkey
zebra
zebra
zebra
monkey
dog;dog
cat
carrot
cat
cat
zebra
627
zebra
dog
cat;cat;cat;cat
dog
tomato
cat
zebra
cat
zebra
carrot
cat
monkey
carrot
zebra
4291
zebra
monkey
dog;dog
zebra
monkey
zebra
zebra;zebra;zebra
dog
zebra
cat
corn
dog
dog;dog
carrot
cat
zebra
cat
monkey;monkey;monkey;monkey;monkey;monkey
1638
zebra
monkey
cat
zebra
tomato;tomato;tomato;tomato
zebra
corn
zebra
zebra
zebra
dog;dog;dog;dog
cat
carrot
zebra
corn;corn;corn
cat;cat;cat;cat;cat
monkey
carrot
monkey
tomato
dog;dog;dog;dog
zebra
cat;cat;cat;cat
cat
monkey
monkey
zebra
cat
carrot
monkey
monkey
monkey
carrot;carrot
monkey
monkey
tomato
zebra;zebra;zebra;zebra
dog
cat;cat;cat
cat;cat;cat;cat;cat;cat
tomato
monkey
monkey
cat
carrot
tomato;tomato;tomato;tomato;tomato;tomato
zebra;zebra;zebra
monkey
dog
monkey
tomato
zebra;zebra;zebra;zebra;zebra;zebra
monkey
monkey
monkey
monkey
monkey
corn
monkey;monkey;monkey;monkey;monkey
monkey
corn
cat
zebra
cat
carrot
cat
monkey;monkey;monkey
3627
monkey
monkey
tomato;tomato;tomato;tomato
tomato
corn
carrot
cat
cat
zebra
carrot
monkey
monkey
carrot
monkey
dog
zebra
zebra
carrot;carrot;carrot;carrot;carrot
dog
carrot
cat
monkey
zebra
dog
cat
10405
tomato
tomato
carrot
dog;dog;dog;dog
carrot
monkey
cat
zebra
monkey;monkey
cat
dog
monkey
carrot
cat
zebra;zebra;zebra;zebra;zebra
monkey
5195
corn
carrot;carrot
cat;cat
monkey
cat
monkey
corn
cat;cat;cat
monkey
tomato
zebra
cat
monkey
corn;corn;corn;corn;corn;corn
corn
dog
cat
zebra
4250
cat
monkey
tomato
cat
carrot;carrot;carrot;carrot;carrot;carrot
monkey
monkey
zebra
cat
monkey
cat;cat;cat;cat
3053
zebra
corn
dog;dog;dog;dog;dog
cat
carrot
zebra
dog;dog
2178
cat
dog;dog;dog;dog;dog;dog
carrot;carrot
zebra
cat;cat;cat;cat
zebra;zebra
cat
zebra
zebra
zebra
zebra
monkey
monkey
cat
monkey
monkey;monkey
cat
cat
cat
cat
monkey
monkey;monkey;monkey;monkey;monkey;monkey
cat
dog
cat
zebra
7548
tomato
monkey;monkey;monkey;monkey
dog;dog;dog
monkey
corn
carrot
zebra
zebra
monkey
cat
zebra
dog
tomato
tomato
monkey
zebra
cat
monkey
monkey
cat
monkey
zebra
zebra;zebra;zebra
cat
cat
carrot
carrot;carrot
cat
cat;cat;cat
zebra
zebra;zebra;zebra;zebra;zebra;zebra
monkey
dog;dog;dog;dog;dog;dog
tomato
monkey
dog
1692
corn
cat;cat;cat;cat;cat
zebra
cat
7063
cat
monkey
zebra
zebra
monkey
monkey
carrot;carrot;carrot;carrot
cat
zebra
monkey
zebra
zebra
1930
carrot;carrot;carrot
cat
dog
monkey
corn;corn;corn;corn;corn
1881
monkey
cat;cat;cat
cat
monkey
cat
corn
corn
cat
carrot
carrot
cat
tomato
zebra;zebra;zebra;zebra;zebra
cat
cat;cat;cat;cat;cat
carrot;carrot;carrot;carrot
carrot
corn;corn
corn
monkey
zebra
zebra
10746
dog
carrot
monkey
monkey
monkey
monkey
cat
cat
monkey
monkey
cat;cat
monkey
corn
monkey
corn
zebra
monkey
zebra;zebra;zebra;zebra;zebra;zebra
2201
zebra;zebra;zebra
cat
tomato
zebra
dog;dog;dog;dog;dog;dog
4850
cat
zebra;zebra
cat;cat;cat
dog;dog;dog;dog
corn;corn;corn
carrot
zebra;zebra;zebra;zebra;zebra
tomato;tomato
monkey
carrot;carrot;carrot;carrot
9108
cat
corn
monkey
9223
carrot
corn;corn;corn;corn;corn;corn
monkey
zebra
monkey
zebra
monkey
monkey
cat
dog
carrot;carrot
monkey
zebra
zebra
1142
carrot;carrot;carrot;carrot
zebra
dog
zebra
tomato;tomato
corn;corn;corn;corn;corn;corn
zebra
1452
tomato
corn
zebra;zebra;zebra;zebra
cat;cat;cat;cat
monkey
monkey;monkey;monkey;monkey;monkey
zebra
zebra
carrot
tomato
carrot
cat
monkey
monkey
monkey
monkey
dog
zebra;zebra;zebra
carrot
monkey
zebra
zebra
cat
corn
3263
cat
monkey
monkey
dog
cat;cat;cat;cat
cat
tomato
dog;dog;dog
cat
zebra;zebra;zebra;zebra;zebra
cat
carrot
cat
cat;cat
zebra;zebra;zebra;zebra
monkey
monkey
monkey;monkey;monkey;monkey;monkey;monkey
cat
zebra
zebra;zebra;zebra;zebra;zebra
zebra
cat
monkey;monkey
dog
zebra
zebra;zebra;zebra;zebra;zebra;zebra
zebra;zebra;zebra;zebra
cat
cat;cat;cat;cat;cat;cat
zebra
dog
cat
monkey;monkey;monkey
carrot
monkey
corn
zebra
dog
cat
zebra
cat
cat
dog;dog;dog;dog;dog;dog
tomato
zebra
3086
monkey
carrot
7770
tomato
monkey
corn
cat
cat
zebra
zebra
monkey
zebra
monkey
dog
dog
cat
tomato
cat
dog
tomato
monkey
monkey;monkey;monkey;monkey;monkey;monkey
monkey
corn
monkey;monkey;monkey;monkey;monkey;monkey
monkey
tomato
corn
zebra
monkey
dog
monkey
dog
zebra;zebra;zebra
dog
corn
carrot;carrot;carrot;carrot;carrot;carrot
zebra;zebra;zebra;zebra;zebra;zebra
corn;corn;corn;corn;corn
dog
zebra
tomato
monkey
monkey;monkey;monkey;monkey;monkey
zebra
dog
6650
cat
monkey
carrot;carrot;carrot;carrot
monkey;monkey
monkey
monkey
cat;cat
tomato
zebra
cat
dog;dog;dog;dog
cat
carrot
cat
corn
corn;corn;corn
cat
cat
dog
tomato
tomato
monkey
cat;cat;cat;cat
zebra
zebra
zebra
cat;cat;cat;cat;cat
dog
monkey
dog
zebra
cat
dog
dog
monkey;monkey;monkey;monkey
cat
dog;dog;dog
zebra
monkey
corn
monkey
corn
carrot
zebra
cat
zebra
monkey
tomato
monkey
carrot
monkey
monkey
cat
monkey
zebra
dog
carrot
cat
cat
1691
monkey
cat
monkey
monkey;monkey;monkey;monkey;monkey
carrot;carrot;carrot;carrot;carrot
zebra;zebra;zebra;zebra
zebra
monkey;monkey;monkey;monkey;monkey
zebra
monkey;monkey;monkey
monkey
dog
carrot
monkey
7178
carrot
monkey;monkey
cat
corn
tomato
monkey
2673
zebra
monkey
9639
tomato
3809
tomato
cat
dog
cat
dog
dog
cat
zebra;zebra
cat
carrot;carrot
carrot
monkey;monkey;monkey
1965
monkey
dog
zebra
dog
zebra
cat;cat;cat;cat;cat
zebra
zebra
zebra
dog
tomato
9525
zebra;zebra;zebra;zebra
corn
monkey;monkey;monkey;monkey
monkey
cat
cat;cat
corn;corn;corn;corn;corn;corn
carrot
monkey;monkey;monkey;monkey;monkey;monkey
cat
zebra
cat;cat;cat
corn;corn;corn;corn;corn
monkey
monkey
zebra
zebra
cat
carrot
monkey
7151
cat;cat
cat
zebra
zebra;zebra
monkey;monkey
monkey
cat
monkey
zebra
cat
monkey
cat;cat
7704
zebra;zebra
zebra
corn
monkey
zebra;zebra;zebra;zebra;zebra
dog
monkey
dog
corn
dog;dog;dog;dog
zebra
carrot
carrot
zebra
monkey;monkey;monkey;monkey;monkey;monkey
cat;cat;cat;cat;cat;cat
zebra
carrot
5095
zebra
cat
corn
cat
zebra
tomato
monkey;monkey;monkey
dog
zebra
zebra;zebra;zebra
cat;cat;cat;cat
zebra
cat
monkey
cat
zebra
corn
cat
cat
cat;cat;cat;cat;cat;cat
234
carrot
tomato;tomato;tomato;tomato;tomato
monkey
zebra
cat
6054
corn;corn;corn
9036
zebra
cat
dog
zebra
monkey
monkey
cat;cat;cat;cat;cat
dog
zebra;zebra;zebra;zebra;zebra;zebra
monkey
zebra
dog;dog
cat
corn;corn;corn
monkey;monkey;monkey;monkey;monkey;monkey
monkey
dog
monkey
corn;corn;corn;corn;corn;corn
monkey
cat
dog
monkey;monkey;monkey;monkey;monkey;monkey
monkey
dog
zebra
zebra
monkey
tomato
zebra
cat
97
7249
zebra
cat;cat;cat;cat;cat;cat
zebra
cat
cat
carrot
zebra
zebra
zebra;zebra
cat
zebra
monkey
cat
monkey
463
monkey
corn
monkey
monkey
corn
zebra
cat;cat;cat;cat;cat;cat
monkey;monkey;monkey;monkey;monkey;monkey
corn
zebra
monkey
monkey
corn;corn;corn;corn;corn;corn
dog
zebra
tomato
cat
corn
carrot
monkey
cat;cat;cat;cat;cat;cat
dog
monkey
zebra
dog
carrot
monkey
monkey
monkey
tomato
cat
monkey
zebra
dog
monkey
zebra
1344
cat
corn
monkey
carrot;carrot;carrot;carrot;carrot
carrot
cat
dog
cat
monkey;monkey;monkey
monkey
monkey
cat;cat
carrot
cat
zebra
3550
3602
zebra
dog;dog;dog;dog;dog
5419
tomato
zebra
tomato
dog
monkey
cat
cat
monkey
zebra
cat;cat;cat
dog
cat
dog;dog;dog;dog
dog
zebra
monkey
cat
corn;corn;corn;corn;corn;corn
carrot
zebra
cat;cat;cat;cat;cat
monkey
cat
2612
zebra
monkey
monkey;monkey
zebra
carrot;carrot;carrot;carrot;carrot
monkey
cat
cat
dog
cat
carrot
carrot
zebra
corn
10623
zebra
monkey
tomato
zebra;zebra;zebra;zebra
cat;cat;cat;cat;cat
monkey
zebra
carrot
zebra
carrot;carrot;carrot
monkey
dog
carrot;carrot;carrot;carrot
zebra
cat;cat;cat;cat
tomato
dog;dog;dog
cat
monkey
zebra
zebra
cat
monkey
cat
cat
cat
cat
corn
zebra
zebra
monkey
monkey
9015
tomato
dog
zebra
dog
cat;cat;cat;cat
cat
monkey
zebra
zebra
carrot;carrot;carrot
cat
cat
corn
zebra
cat
carrot
10744
zebra;zebra;zebra;zebra;zebra;zebra
corn
10448
zebra
monkey
monkey;monkey;monkey
cat;cat;cat;cat;cat;cat
cat
monkey
dog
zebra
monkey
cat;cat;cat;cat
zebra
monkey
monkey
zebra
cat
monkey;monkey;monkey;monkey;monkey
dog
monkey
corn
monkey
tomato
zebra
zebra;zebra;zebra
dog
cat
zebra
cat
cat
zebra
corn
monkey
monkey
dog
dog
dog
zebra
monkey
monkey
zebra;zebra;zebra;zebra;zebra
dog
carrot;carrot;carrot;carrot;carrot;carrot
cat
monkey
10774
tomato;tomato
zebra
cat
cat;cat;cat;cat;cat
dog
dog
10247
cat;cat;cat;cat;cat
zebra
zebra
cat;cat;cat;cat
dog
cat
dog
9066
zebra
zebra;zebra;zebra;zebra;zebra
monkey
cat
monkey
carrot
carrot
dog;dog;dog;dog;dog;dog
cat
zebra;zebra;zebra;zebra;zebra
monkey
zebra
dog
monkey
carrot
tomato
carrot
dog
490
cat
zebra
dog
dog
zebra
monkey;monkey;monkey
tomato
zebra
carrot
dog
dog
zebra
monkey
cat
cat
cat
monkey;monkey;monkey;monkey;monkey
monkey
monkey
cat
dog
zebra
zebra
zebra
monkey
carrot;carrot;carrot;carrot;carrot;carrot
dog
monkey;monkey;monkey;monkey;monkey
cat
zebra
cat;cat
cat;cat;cat;cat;cat;cat
monkey
dog
zebra;zebra;zebra
cat;cat;cat
zebra;zebra;zebra;zebra
monkey
zebra
monkey
zebra
dog
cat
monkey
carrot;carrot;carrot
dog;dog;dog;dog;dog;dog
monkey
carrot
monkey;monkey;monkey;monkey;monkey;monkey
6419
cat
zebra
monkey
carrot
carrot
cat
carrot
dog
corn;corn;corn;corn;corn
carrot;carrot;carrot
zebra
cat
monkey
carrot
monkey
dog
zebra
carrot
zebra
4335
monkey
zebra
3884
cat
corn
zebra
carrot;carrot;carrot;carrot;carrot;carrot
cat
carrot;carrot;carrot;carrot;carrot;carrot
cat
monkey
zebra
cat
corn
monkey
corn
cat
zebra
dog
dog
5009
tomato
monkey;monkey;monkey;monkey;monkey
dog
tomato;tomato;tomato;tomato
monkey;monkey;monkey
monkey
carrot
monkey
carrot
cat
5896
tomato
zebra
965
cat
carrot;carrot;carrot
cat
zebra
monkey;monkey
monkey;monkey;monkey
carrot
zebra
tomato
dog
dog
corn
monkey
4589
monkey
cat
zebra
dog
dog
zebra
carrot;carrot;carrot;carrot;carrot
carrot;carrot
cat
monkey
zebra
1359
cat
dog
monkey
cat
dog;dog;dog
cat
dog
cat;cat
tomato
zebra;zebra;zebra
monkey
tomato
monkey;monkey;monkey;monkey;monkey
tomato
dog
carrot
dog
8987
cat
cat;cat;cat
zebra
dog
6315
zebra
dog
tomato
cat
monkey
cat;cat;cat;cat;cat;cat
zebra
zebra
cat
zebra;zebra;zebra
zebra
dog
carrot
zebra
carrot
monkey
1259
zebra
corn;corn;corn
zebra
corn
dog
monkey;monkey;monkey;monkey;monkey
zebra
carrot
9540
zebra
dog
monkey
725
dog;dog
monkey;monkey;monkey;monkey;monkey
cat
zebra
carrot
corn
cat
monkey
monkey;monkey;monkey;monkey;monkey
carrot;carrot;carrot;carrot;carrot
monkey;monkey;monkey;monkey;monkey
4878
tomato
zebra
tomato
monkey
monkey
zebra
corn
monkey
carrot
monkey
zebra
zebra
tomato
zebra
corn
monkey
zebra
monkey
cat
zebra
monkey
cat;cat;cat
cat;cat;cat;cat;cat;cat
zebra
cat
zebra
carrot
dog;dog;dog
zebra
cat
cat
cat
carrot
tomato
monkey;monkey;monkey;monkey;monkey
monkey
cat;cat;cat;cat;cat;cat
cat
monkey
zebra
zebra
zebra
cat
carrot;carrot;carrot
monkey
tomato
carrot;carrot;carrot;carrot;carrot;carrot
monkey
monkey
dog
cat
zebra
zebra
zebra
monkey
cat
carrot
monkey
cat
monkey;monkey;monkey;monkey
dog
cat
corn
zebra
cat;cat;cat;cat
monkey
cat
zebra;zebra;zebra
corn
zebra
carrot
zebra;zebra;zebra;zebra;zebra
corn
carrot
7937
dog;dog;dog;dog
zebra;zebra
5144
monkey
monkey
zebra
tomato
zebra
monkey
zebra;zebra;zebra;zebra
tomato
zebra
cat
cat
zebra
zebra;zebra;zebra
zebra
dog
6957
monkey
cat
dog;dog
cat
dog
tomato
cat
zebra
tomato
dog
corn
monkey
tomato
dog
monkey
monkey
carrot
cat
zebra
zebra;zebra
monkey
2253
dog
carrot
cat
zebra
6744
zebra
monkey
cat
carrot
cat;cat;cat;cat
monkey
zebra
zebra
dog;dog;dog;dog
carrot;carrot;carrot
monkey
zebra
zebra;zebra
zebra
carrot
monkey
carrot
zebra
525
cat
cat
monkey
monkey
6096
cat
cat
cat
dog
tomato;tomato;tomato;tomato;tomato
carrot;carrot;carrot;carrot
dog
corn
dog
carrot
dog
7984
dog
carrot
cat;cat;cat;cat
dog;dog;dog;dog;dog
cat;cat
corn
carrot
monkey
monkey
zebra
cat
corn
monkey
zebra
cat;cat;cat
dog;dog;dog;dog;dog;dog
monkey;monkey;monkey;monkey;monkey
monkey
monkey
zebra
zebra
cat
zebra
monkey;monkey;monkey;monkey
carrot;carrot;carrot;carrot;carrot;carrot
monkey
dog;dog;dog;dog;dog;dog
2945
dog
monkey
monkey
monkey
zebra;zebra;zebra;zebra
cat
tomato;tomato;tomato;tomato
tomato;tomato;tomato
cat
monkey
8408
zebra
corn
cat
monkey;monkey;monkey;monkey;monkey;monkey
zebra
4780
6906
monkey
monkey
dog
zebra
monkey
zebra
9767
cat
monkey
cat
dog;dog;dog;dog
cat
3094
monkey
zebra;zebra;zebra;zebra;zebra
cat
zebra;zebra;zebra;zebra;zebra;zebra
tomato
cat
carrot;carrot;carrot
cat
monkey;monkey
zebra
monkey;monkey;monkey;monkey;monkey;monkey
cat;cat;cat;cat;cat;cat
monkey
dog
dog
corn
dog
carrot;carrot
monkey
monkey
zebra
8829
monkey
zebra
zebra
zebra
zebra
cat
corn
cat
carrot
monkey
monkey;monkey;monkey;monkey
dog
monkey
4595
cat
cat
dog;dog;dog;dog;dog;dog
monkey
monkey
cat;cat;cat;cat
zebra
cat
monkey
tomato
corn
zebra
cat
monkey
dog;dog;dog;dog;dog
carrot
carrot
monkey
carrot;carrot;carrot;carrot
monkey
carrot
zebra
monkey
zebra
zebra
carrot
tomato
zebra;zebra;zebra;zebra
monkey
carrot
carrot
monkey
cat
monkey
zebra
monkey
tomato
monkey;monkey;monkey
cat
cat
monkey;monkey
zebra;zebra;zebra;zebra;zebra
dog
dog
monkey
cat
dog;dog
zebra
tomato
cat
monkey;monkey;monkey
zebra
dog
cat
zebra;zebra;zebra;zebra
monkey
dog;dog
cat
carrot;carrot;carrot;carrot;carrot
monkey;monkey;monkey;monkey
cat;cat;cat;cat;cat;cat
monkey
monkey
monkey
dog;dog;dog;dog
6826
monkey
monkey
monkey
zebra;zebra;zebra
dog
cat
cat
carrot;carrot;carrot;carrot
zebra
zebra;zebra;zebra
5366
cat
cat
dog;dog;dog
zebra
monkey
cat
corn;corn;corn
3747
tomato
monkey;monkey;monkey
cat
dog
cat;cat;cat;cat;cat
cat;cat
carrot
monkey
monkey
cat
zebra
zebra
cat
monkey;monkey;monkey
monkey
cat
cat
8025
monkey
cat
6490
zebra
tomato
cat
dog;dog;dog;dog
monkey
monkey
cat
cat
cat;cat;cat;cat;cat
tomato
monkey
monkey
cat
monkey
carrot
carrot;carrot;carrot;carrot;carrot
cat
dog;dog
tomato
monkey
cat
corn
zebra;zebra
carrot
corn
zebra;zebra;zebra;zebra;zebra;zebra
monkey
zebra
zebra
zebra
2668
dog
monkey
dog
zebra
monkey
2144
zebra
monkey
corn
cat
corn
tomato;tomato;tomato
cat
zebra
monkey
monkey
dog
corn
zebra
monkey;monkey;monkey
zebra
8789
cat
dog
corn;corn
carrot
monkey
7320
monkey
cat
zebra
monkey
tomato
zebra
cat
zebra;zebra;zebra
dog
monkey
zebra
dog;dog
monkey
cat
monkey
cat
zebra
monkey
monkey
carrot
cat
cat
dog
zebra;zebra;zebra
monkey;monkey
cat;cat;cat;cat;cat;cat
monkey
dog
carrot
zebra
dog
monkey
cat
cat
zebra
tomato
zebra
zebra
cat
zebra
cat;cat;cat;cat;cat
zebra;zebra;zebra;zebra
dog
zebra
zebra;zebra
3259
monkey
cat
dog;dog;dog;dog;dog;dog
zebra;zebra;zebra;zebra;zebra;zebra
cat
carrot;carrot;carrot
zebra;zebra
carrot
cat
dog
zebra;zebra;zebra;zebra
dog
tomato
monkey
cat
zebra
cat
9912
cat
cat
zebra
zebra
carrot;carrot;carrot;carrot
corn
carrot
dog
monkey
cat
corn
corn
monkey
zebra;zebra;zebra
cat
4147
9655
zebra
dog;dog
cat
zebra
zebra
cat
dog
10277
monkey
zebra;zebra
monkey
cat
corn;corn;corn;corn;corn
cat
monkey;monkey
zebra
carrot
cat
corn
tomato
dog;dog
tomato;tomato;tomato;tomato
zebra
zebra
zebra
carrot
cat
zebra
monkey
monkey
carrot;carrot;carrot
cat
carrot
10922
monkey;monkey;monkey;monkey
corn
cat
zebra
carrot
monkey
zebra
monkey
10337
3194
monkey
zebra
6655
monkey
dog
zebra
carrot;carrot;carrot;carrot;carrot
6307
tomato;tomato;tomato
monkey
corn
zebra
8609
zebra;zebra;zebra;zebra;zebra
7925
5315
cat
monkey
monkey;monkey;monkey;monkey;monkey;monkey
carrot
cat
monkey
cat
monkey
monkey
dog
dog
tomato;tomato
monkey
monkey;monkey;monkey;monkey;monkey
carrot
cat;cat;cat
zebra;zebra;zebra;zebra
tomato
6198
monkey
dog
dog
corn
zebra
corn;corn;corn;corn;corn
zebra
monkey;monkey;monkey;monkey;monkey;monkey
cat
corn
cat
tomato
carrot
carrot;carrot;carrot;carrot
monkey
zebra;zebra;zebra;zebra;zebra;zebra
carrot;carrot;carrot
tomato
monkey
carrot
corn
zebra
zebra
monkey
corn;corn;corn;corn
monkey
cat;cat;cat;cat
dog
monkey
10006
zebra
zebra;zebra;zebra;zebra
carrot
monkey
cat
dog
zebra
dog
cat;cat;cat;cat;cat
6393
2341
carrot
monkey
cat
4585
dog;dog
carrot
zebra
zebra
monkey
cat
zebra
cat
cat;cat
cat
tomato
zebra
dog
zebra;zebra;zebra;zebra;zebra;zebra
carrot
cat
zebra
cat
carrot;carrot;carrot;carrot
monkey
monkey
tomato
zebra
monkey
corn;corn;corn;corn;corn;corn
zebra
monkey
cat
zebra
corn
dog
corn
monkey
carrot
tomato
carrot
dog
zebra;zebra;zebra;zebra;zebra
10977
cat
zebra
carrot
dog;dog;dog;dog;dog
cat
2951
cat
monkey
monkey;monkey;monkey;monkey;monkey
cat
cat
carrot
dog
corn
zebra
zebra
cat
zebra;zebra;zebra
monkey;monkey;monkey
tomato
carrot
carrot;carrot;carrot;carrot;carrot
tomato
zebra;zebra;zebra;zebra;zebra;zebra
monkey;monkey;monkey
corn
carrot
420
corn
monkey
zebra
cat;cat;cat;cat;cat;cat
6468
carrot
monkey;monkey
zebra
zebra
zebra;zebra;zebra;zebra
zebra
carrot
monkey
zebra
zebra
monkey
6981
cat
carrot;carrot;carrot
dog
zebra;zebra;zebra;zebra;zebra
dog
tomato;tomato
4338
monkey
monkey
carrot
3186
zebra
cat;cat;cat;cat;cat;cat
monkey;monkey
monkey
zebra
cat
cat;cat;cat;cat;cat;cat
dog;dog
tomato;tomato;tomato;tomato;tomato
zebra;zebra;zebra;zebra;zebra
carrot
monkey
monkey
monkey
monkey
zebra
cat
corn
corn
zebra
corn
monkey;monkey;monkey;monkey;monkey;monkey
zebra
monkey
monkey
monkey
cat;cat;cat
carrot
corn
cat
corn
monkey;monkey;monkey;monkey;monkey
dog
cat;cat;cat
tomato
dog
cat
cat
monkey
monkey
carrot
monkey
monkey
carrot
cat
cat
dog
cat
zebra;zebra
zebra
monkey
monkey
carrot
monkey;monkey;monkey
monkey
cat
zebra
cat
monkey
corn
zebra
zebra
cat
zebra;zebra;zebra;zebra;zebra
monkey
cat
zebra
monkey
monkey
monkey
monkey
7639
dog
cat;cat;cat;cat
monkey
tomato
monkey
corn
2062
cat
monkey;monkey;monkey;monkey
4088
carrot
monkey;monkey
monkey
monkey
carrot
dog;dog
dog
zebra
cat
dog
zebra
zebra
monkey
tomato
monkey
monkey;monkey
dog
zebra
10749
cat
cat
cat
monkey;monkey;monkey;monkey;monkey
monkey
carrot
corn
monkey
cat
carrot
cat;cat
7305
cat
monkey
zebra
zebra
monkey;monkey;monkey;monkey
cat
dog
corn
zebra
carrot
carrot
monkey
dog
cat
monkey
dog
10426
zebra
cat
monkey;monkey
tomato
carrot;carrot
dog
zebra;zebra;zebra;zebra
cat
zebra;zebra;zebra;zebra;zebra
dog
monkey
zebra
zebra;zebra;zebra;zebra;zebra;zebra
cat
monkey
zebra
zebra
cat;cat
carrot
cat
dog
corn
cat;cat
cat
dog;dog;dog
zebra
zebra
cat
tomato
zebra
tomato
zebra
cat
monkey
monkey
7807
cat
zebra
zebra;zebra
cat
zebra
cat
monkey;monkey
monkey
monkey
dog
10544
cat
cat
cat
cat
9750
monkey
carrot;carrot;carrot
monkey;monkey;monkey
corn
monkey
zebra
cat;cat
tomato
monkey
5503
zebra
carrot
zebra
cat
cat
monkey;monkey;monkey
cat;cat;cat;cat;cat
monkey
5802
monkey
dog
cat
dog
corn
zebra
cat;cat;cat;cat;cat;cat
corn
zebra;zebra;zebra;zebra;zebra;zebra
tomato
zebra
zebra
corn
monkey
zebra
cat
corn
zebra
zebra
dog
dog;dog;dog;dog
5365
corn
corn;corn;corn;corn;corn;corn
zebra
dog
zebra
zebra;zebra
cat
dog
zebra
cat
zebra
carrot
monkey
zebra
zebra
cat
monkey;monkey;monkey;monkey;monkey;monkey
cat;cat;cat;cat;cat;cat
tomato;tomato;tomato;tomato
monkey
tomato
zebra
monkey;monkey;monkey
zebra
carrot
monkey
cat
dog;dog
cat
monkey;monkey;monkey
cat
zebra
zebra
cat
zebra;zebra;zebra;zebra
monkey
dog
monkey
monkey;monkey;monkey;monkey;monkey
carrot
cat;cat;cat
zebra;zebra;zebra;zebra;zebra;zebra
monkey
monkey
monkey
dog
cat
cat
cat
carrot
dog;dog;dog;dog
monkey
monkey
cat
zebra;zebra;zebra
zebra;zebra;zebra;zebra;zebra;zebra
monkey
monkey;monkey;monkey
tomato
9656
dog
cat
monkey;monkey;monkey;monkey
zebra
corn
zebra
corn
cat
monkey;monkey;monkey;monkey;monkey
carrot
tomato
zebra
cat
zebra
monkey
corn
zebra
cat
cat;cat;cat;cat;cat
monkey
dog
carrot
corn
dog
cat
tomato
monkey
cat
zebra
corn;corn;corn;corn
zebra
zebra
cat
monkey
carrot;carrot;carrot;carrot
zebra;zebra
cat
monkey;monkey
cat;cat;cat;cat;cat;cat
tomato;tomato;tomato;tomato;tomato
dog
corn
monkey
cat
cat
cat
dog
monkey;monkey
corn
dog
carrot
zebra
corn
zebra
dog
dog
zebra;zebra
carrot
cat
cat
cat
cat
tomato
tomato
dog
tomato
zebra;zebra;zebra;zebra;zebra;zebra
monkey
cat
monkey
monkey;monkey;monkey
monkey
monkey
monkey
monkey
cat
zebra
zebra;zebra;zebra;zebra;zebra
corn
dog
zebra;zebra;zebra;zebra
monkey
dog
corn
zebra
monkey
cat
zebra
cat
tomato
monkey
dog
dog
monkey
cat
carrot
zebra
tomato
zebra
tomato
cat
tomato
tomato
cat
cat
zebra
carrot
monkey
monkey
dog
zebra;zebra;zebra;zebra;zebra;zebra
monkey;monkey
7950
cat;cat;cat;cat;cat;cat
zebra;zebra;zebra
cat
zebra
dog;dog;dog;dog;dog;dog
carrot;carrot;carrot;carrot
dog
9076
zebra;zebra;zebra;zebra;zebra
cat
zebra
monkey
carrot
zebra
corn
monkey;monkey
zebra
monkey
zebra;zebra;zebra
monkey
monkey
zebra
carrot
1146
tomato
monkey
cat
zebra
zebra
zebra
zebra
carrot
monkey
zebra
tomato
dog;dog
cat
zebra
corn
corn
dog
3667
carrot
monkey
cat
tomato
zebra;zebra;zebra;zebra;zebra;zebra
zebra
dog
monkey;monkey;monkey
tomato
monkey
carrot
tomato
carrot
1468
cat
zebra
monkey
zebra
cat;cat
cat
dog
monkey
corn
cat
monkey
carrot
zebra
dog;dog;dog
cat
cat
monkey
cat
zebra
cat
cat;cat
cat;cat;cat
cat
corn
monkey
zebra
zebra;zebra;zebra;zebra
dog;dog;dog
cat
cat
9357
carrot
zebra
monkey
zebra;zebra
cat
monkey
dog
cat;cat
cat
6012
corn
zebra
zebra
carrot;carrot;carrot;carrot
dog
zebra
zebra
cat
zebra
carrot
10480
cat
corn
10547
monkey
carrot;carrot;carrot
monkey;monkey;monkey;monkey;monkey
monkey
cat
dog
monkey
cat
9164
monkey
monkey
monkey
zebra
monkey
monkey
corn;corn
monkey
cat;cat;cat;cat;cat
cat
cat
tomato
8223
tomato;tomato;tomato;tomato;tomato
tomato
zebra
carrot
dog;dog;dog
monkey
tomato
zebra
cat
tomato
zebra;zebra;zebra;zebra
zebra;zebra;zebra;zebra;zebra
zebra
zebra
monkey
zebra;zebra;zebra
monkey
cat;cat;cat
cat;cat;cat
cat
monkey
cat
1873
monkey;monkey;monkey;monkey;monkey;monkey
zebra;zebra
zebra
monkey
monkey;monkey;monkey;monkey
cat
dog
cat
cat
dog
monkey;monkey;monkey;monkey;monkey;monkey
tomato
1293
carrot
carrot
corn
dog
corn
zebra
cat
dog
cat
zebra
zebra
monkey
monkey
carrot;carrot
zebra
zebra;zebra;zebra;zebra
zebra
cat
zebra
monkey
zebra
monkey
cat;cat;cat
cat
cat
dog
zebra
3081
cat;cat;cat;cat;cat
tomato
dog
tomato
zebra
dog
monkey
zebra
cat
cat
cat;cat;cat;cat
corn;corn;corn;corn;corn;corn
zebra;zebra
tomato
dog;dog;dog;dog
zebra
tomato
cat
zebra
zebra
monkey
4872
zebra
cat
7558
3189
cat
monkey
carrot;carrot;carrot;carrot;carrot
monkey
9751
monkey
6110
corn;corn;corn;corn
carrot;carrot;carrot;carrot;carrot;carrot
tomato
cat
zebra
cat
zebra
6506
cat
dog;dog;dog;dog;dog;dog
monkey
dog;dog;dog;dog;dog;dog
cat
zebra;zebra
cat
monkey
monkey
tomato;tomato;tomato;tomato;tomato
cat
zebra
dog
monkey
zebra
9753
zebra
monkey
zebra
zebra
monkey
monkey;monkey;monkey;monkey;monkey
monkey
dog
monkey
cat;cat;cat
dog;dog
monkey
monkey
cat
zebra;zebra
zebra
cat
9691
monkey
corn
carrot;carrot;carrot;carrot;carrot
monkey
monkey
zebra
zebra
dog
zebra
zebra
zebra
dog
zebra
carrot
zebra
cat;cat;cat;cat
monkey
8845
zebra;zebra;zebra;zebra;zebra
zebra
carrot;carrot;carrot;carrot
zebra
zebra
zebra
dog
zebra
zebra;zebra;zebra;zebra
zebra
zebra;zebra;zebra;zebra
cat
zebra
monkey
dog
tomato;tomato;tomato;tomato
cat;cat;cat;cat;cat;cat
dog;dog
2862
cat
cat;cat;cat;cat
cat
corn;corn;corn;corn
monkey
monkey;monkey;monkey
zebra
zebra
zebra
cat
monkey
corn;corn;corn;corn
monkey
cat
dog
monkey
tomato;tomato;tomato
zebra
corn
cat
dog
carrot
carrot
dog
monkey
dog
zebra;zebra
dog
carrot
carrot
monkey;monkey;monkey
cat
zebra;zebra;zebra;zebra
corn
monkey
cat
monkey
dog
zebra
monkey
cat
dog
zebra
monkey
monkey
tomato
carrot
cat
monkey
cat
monkey
monkey
monkey
zebra
cat
monkey
zebra
monkey
zebra
zebra
6405
cat
zebra
cat
dog;dog;dog;dog;dog;dog
zebra
monkey
cat
monkey
zebra
monkey
cat
carrot;carrot;carrot;carrot
cat
zebra
tomato
4179
monkey
dog;dog;dog
monkey
dog
zebra
zebra
9294
zebra
tomato;tomato;tomato;tomato;tomato;tomato
cat
cat
cat
dog;dog;dog
corn
dog
tomato
dog;dog;dog
zebra
dog
cat
zebra
tomato
dog
zebra
carrot
cat
carrot;carrot;carrot;carrot;carrot;carrot
monkey
monkey
monkey
zebra
tomato
zebra
dog;dog;dog;dog;dog;dog
cat;cat;cat;cat;cat
zebra
tomato
corn
zebra
monkey
zebra
zebra;zebra;zebra;zebra
corn
carrot
corn
cat
monkey
monkey
5146
monkey
zebra
zebra
monkey
zebra
cat
monkey
monkey
monkey
tomato
cat
monkey;monkey;monkey;monkey
tomato
dog
zebra
tomato;tomato;tomato;tomato;tomato
cat;cat
monkey;monkey;monkey;monkey
corn;corn;corn;corn;corn;corn
zebra
dog
zebra
tomato
zebra
carrot
carrot;carrot;carrot
cat
zebra
496
monkey
corn;corn;corn;corn
monkey
cat
monkey
monkey
tomato;tomato
cat
monkey
dog;dog;dog;dog;dog;dog
zebra
cat;cat;cat
cat
monkey
zebra
7652
3570
monkey
zebra
zebra
corn
carrot;carrot;carrot;carrot
zebra
monkey
zebra
carrot
cat
zebra
cat;cat;cat;cat;cat;cat
tomato;tomato;tomato;tomato
dog
monkey;monkey;monkey;monkey;monkey
cat
cat
monkey;monkey;monkey;monkey
tomato
zebra;zebra;zebra
zebra
dog
dog;dog;dog;dog;dog
carrot
corn;corn;corn;corn;corn
cat
zebra
cat;cat;cat;cat;cat;cat
5766
monkey
cat
carrot
monkey
dog
monkey
monkey
monkey;monkey;monkey;monkey;monkey;monkey
zebra;zebra
monkey;monkey;monkey;monkey
cat
monkey
cat
zebra
carrot
cat
monkey
monkey
monkey
carrot;carrot;carrot;carrot;carrot;carrot
cat
zebra
cat
monkey
zebra;zebra;zebra
cat
tomato
dog
zebra
cat
monkey;monkey;monkey;monkey;monkey
171
monkey
monkey
zebra
cat
monkey
cat
carrot
zebra;zebra;zebra;zebra;zebra
monkey
monkey
monkey
carrot
monkey
9281
tomato
zebra
3879
monkey
cat
corn
7603
zebra;zebra;zebra;zebra
cat
cat
dog
6871
cat
zebra;zebra;zebra;zebra;zebra
cat
monkey;monkey;monkey
dog
monkey
cat
6834
cat
7818
zebra
zebra
cat;cat
zebra
zebra
tomato
monkey
cat;cat;cat
zebra
monkey;monkey
tomato;tomato;tomato
corn
monkey
monkey
zebra
3603
carrot
cat
corn
monkey;monkey;monkey;monkey
cat
tomato
tomato;tomato;tomato;tomato;tomato;tomato
cat
zebra
cat;cat;cat;cat
corn
cat
dog;dog;dog;dog;dog
cat
zebra
zebra
monkey
dog;dog;dog;dog;dog
tomato
dog
cat
monkey
cat
zebra
carrot;carrot;carrot;carrot;carrot
cat;cat;cat
tomato
cat
zebra
cat
corn
zebra
monkey
990
5578
cat;cat;cat
zebra
carrot
carrot;carrot;carrot;carrot;carrot;carrot
dog
monkey
monkey;monkey;monkey;monkey
zebra
monkey
corn
cat;cat;cat;cat
corn
monkey
5058
zebra
dog
zebra
dog
cat
zebra
monkey
monkey
corn
cat
zebra
monkey
dog
monkey;monkey;monkey
zebra
monkey
carrot;carrot;carrot;carrot;carrot;carrot
monkey;monkey
tomato;tomato;tomato;tomato;tomato
zebra
carrot
carrot
tomato
monkey
cat
carrot
cat
carrot
monkey
zebra
cat;cat;cat;cat;cat
1569
zebra
dog;dog;dog;dog;dog;dog
cat;cat
zebra;zebra;zebra;zebra
cat
5167
monkey
tomato;tomato
dog
monkey;monkey
zebra
dog
monkey
9244
zebra
zebra
dog
cat
zebra
cat;cat;cat
monkey
monkey
monkey;monkey;monkey;monkey
5363
carrot;carrot;carrot;carrot;carrot;carrot
monkey
tomato
zebra
monkey
monkey;monkey;monkey;monkey
monkey
1982
monkey
cat
cat;cat;cat;cat;cat
cat
zebra
cat;cat;cat
zebra
cat
tomato;tomato;tomato;tomato;tomato
monkey
carrot
cat
carrot;carrot;carrot;carrot;carrot;carrot
zebra
corn
zebra
dog
7835
5566
monkey;monkey;monkey;monkey;monkey;monkey
corn
carrot;carrot;carrot;carrot;carrot
cat
zebra
carrot
tomato
2996
corn;corn;corn;corn
dog;dog
dog
monkey
5601
monkey
cat;cat;cat;cat
dog
monkey
corn
dog;dog;dog
zebra
cat;cat;cat;cat;cat
zebra;zebra;zebra
zebra;zebra
zebra;zebra;zebra;zebra
monkey
monkey
monkey
cat;cat;cat;cat
cat;cat
zebra
zebra
cat
dog
monkey
3944
carrot
cat
10360
carrot
corn
zebra;zebra;zebra
zebra
carrot;carrot;carrot
monkey;monkey;monkey
zebra
zebra
corn
cat
monkey
carrot
carrot
zebra
monkey
zebra
monkey
dog
zebra
6626
corn
monkey
corn
zebra
dog
zebra;zebra;zebra
zebra;zebra
cat
monkey
zebra
cat
149
zebra;zebra;zebra;zebra;zebra
zebra
zebra;zebra;zebra;zebra
zebra
zebra
monkey;monkey;monkey
cat
zebra
3860
carrot
cat
corn
monkey
dog
monkey
dog
monkey
carrot
monkey
zebra
dog
monkey
corn
zebra
dog
monkey
monkey
8205
carrot
monkey
corn;corn;corn
carrot
tomato
zebra
zebra
cat
zebra
monkey
zebra
zebra
zebra
monkey;monkey;monkey;monkey;monkey;monkey
zebra
cat
zebra
carrot
zebra
cat
monkey
corn
monkey;monkey;monkey;monkey
zebra
zebra
monkey
corn
corn
monkey
monkey
zebra
tomato
corn
zebra
monkey
zebra
monkey
cat
cat
zebra
zebra
zebra
cat
corn
zebra
cat
dog
dog
monkey
monkey
zebra
corn
monkey
tomato
cat
monkey
monkey
dog
dog
cat
zebra
monkey;monkey;monkey;monkey;monkey
cat
dog
zebra
dog
cat
corn
monkey
zebra
zebra
monkey;monkey;monkey
cat
tomato
monkey;monkey;monkey;monkey;monkey;monkey
6405
tomato;tomato;tomato;tomato
monkey
9349
monkey;monkey;monkey;monkey;monkey
monkey;monkey;monkey;monkey;monkey
monkey
corn
carrot
zebra
tomato
6088
dog
carrot;carrot;carrot
cat
4341
tomato
dog
cat
cat
tomato;tomato;tomato;tomato;tomato;tomato
cat
corn;corn;corn;corn
monkey
monkey
dog;dog;dog;dog;dog
dog
monkey;monkey
zebra
corn
monkey
tomato;tomato;tomato;tomato;tomato
zebra;zebra;zebra
zebra;zebra;zebra;zebra;zebra
monkey;monkey;monkey
carrot
monkey
carrot;carrot;carrot;carrot
cat
zebra
monkey
zebra
monkey
monkey
dog
zebra
monkey
zebra;zebra;zebra;zebra;zebra
carrot
tomato;tomato;tomato;tomato
zebra
zebra
cat;cat;cat
zebra;zebra;zebra;zebra
corn
zebra
zebra
tomato
monkey
4135
zebra
cat
monkey
carrot;carrot;carrot
cat
cat;cat;cat
cat;cat;cat;cat
dog
3343
zebra
carrot
monkey
monkey
cat
zebra
tomato
cat
monkey;monkey;monkey
monkey
dog
cat
zebra
carrot;carrot;carrot;carrot;carrot;carrot
corn;corn;corn;corn;corn;corn
corn;corn;corn
4376
zebra
5301
dog
monkey;monkey
carrot
zebra
cat
zebra;zebra;zebra
zebra
dog
zebra
monkey
zebra
tomato
cat
3703
zebra
cat
monkey
cat;cat;cat
3699
cat
corn
zebra
zebra
8553
zebra
zebra
monkey
carrot
monkey
monkey
1617
8141
cat
zebra
cat;cat
corn
monkey
corn
cat;cat;cat;cat
monkey;monkey;monkey;monkey;monkey;monkey
dog
carrot
monkey
monkey;monkey;monkey
monkey
zebra
dog
dog
zebra;zebra;zebra;zebra;zebra
carrot;carrot;carrot;carrot;carrot
zebra
monkey
zebra
cat
3248
cat
cat
cat
zebra
carrot
7525
tomato
dog
monkey
tomato
corn
monkey;monkey;monkey
cat
monkey
zebra;zebra;zebra;zebra;zebra
zebra
monkey;monkey;monkey;monkey;monkey
corn
monkey;monkey;monkey;monkey
monkey;monkey;monkey;monkey
monkey
monkey
monkey
dog
zebra;zebra;zebra;zebra;zebra
cat
cat
cat
monkey
monkey;monkey;monkey
monkey;monkey
corn
dog;dog;dog;dog
zebra
zebra
tomato;tomato
tomato
monkey
dog
zebra
tomato
corn;corn;corn;corn
monkey
zebra
cat
zebra
cat
dog
monkey
6861
tomato
monkey
monkey
cat
cat
cat
carrot
zebra;zebra
monkey;monkey;monkey
tomato
monkey
carrot;carrot;carrot
10394
zebra
cat
monkey
corn
zebra
carrot
zebra
5163
cat
zebra
dog
cat
zebra
monkey
monkey
zebra;zebra;zebra;zebra;zebra;zebra
monkey
monkey
monkey
zebra
zebra
zebra
zebra
tomato
monkey
tomato;tomato;tomato;tomato;tomato
zebra
dog
corn;corn;corn;corn
zebra
cat
dog
zebra
zebra
tomato
dog
cat
zebra
carrot;carrot;carrot;carrot;carrot
zebra
zebra;zebra
zebra
dog
cat
monkey
corn
monkey
3504
zebra
cat
cat;cat;cat;cat;cat
carrot;carrot;carrot
cat
cat
monkey
zebra
dog;dog;dog;dog;dog;dog
zebra
monkey
zebra
6092
corn
cat
zebra
carrot
carrot;carrot;carrot;carrot
corn
carrot;carrot;carrot;carrot;carrot
zebra
carrot
cat
carrot
dog
tomato
monkey
zebra
zebra
carrot
carrot
zebra
dog
cat;cat;cat;cat;cat;cat
zebra;zebra;zebra
cat
corn
monkey
zebra
carrot;carrot;carrot;carrot;carrot
2457
carrot
monkey
cat
cat
monkey
cat
cat
carrot
monkey
5436
monkey
dog
dog
zebra
monkey
monkey
zebra
monkey
cat;cat;cat;cat;cat;cat
cat
cat
cat
cat
cat
tomato
zebra
zebra
9567
monkey
cat
tomato
6971
monkey
carrot
monkey
monkey;monkey;monkey;monkey;monkey;monkey
corn
carrot
monkey
zebra;zebra;zebra;zebra;zebra;zebra
dog
monkey
tomato;tomato;tomato
zebra
corn;corn;corn;corn;corn
monkey
zebra
monkey
9327
cat;cat;cat;cat
tomato;tomato;tomato;tomato;tomato;tomato
monkey;monkey;monkey
dog
monkey
corn
10310
10186
monkey
monkey
monkey
4017
monkey
monkey
dog
monkey
cat
monkey
monkey
carrot
monkey
tomato
corn
monkey
dog
dog;dog;dog
cat
corn;corn;corn;corn;corn
cat;cat;cat;cat
tomato;tomato
tomato
carrot
corn
dog
dog
zebra;zebra;zebra;zebra;zebra;zebra
4503
dog
dog
dog
corn
monkey;monkey
monkey
cat
corn;corn;corn
dog
cat
zebra
cat
monkey
dog;dog;dog;dog;dog
carrot
cat
monkey
monkey
carrot
4668
monkey
monkey
dog
cat
cat;cat;cat;cat;cat;cat
4978
monkey
corn;corn;corn;corn
cat;cat;cat
monkey
zebra
zebra
dog
cat
8446
dog;dog;dog
dog
zebra
zebra
cat
zebra;zebra;zebra
carrot
dog
dog;dog;dog
cat
monkey
carrot;carrot;carrot;carrot;carrot;carrot
cat
2370
zebra
monkey
tomato
cat
zebra
monkey;monkey;monkey;monkey;monkey
cat;cat;cat
zebra;zebra;zebra;zebra;zebra;zebra
9862
cat
zebra
cat
zebra;zebra;zebra;zebra
monkey
dog
zebra;zebra;zebra;zebra;zebra;zebra
monkey
cat
corn
monkey
cat
cat
zebra;zebra;zebra;zebra;zebra;zebra
zebra;zebra;zebra;zebra;zebra;zebra
carrot
zebra
zebra
zebra
dog
carrot
9544
dog
zebra
tomato
zebra;zebra;zebra
cat
monkey
dog
tomato
zebra
corn
cat
monkey
monkey
zebra
monkey;monkey;monkey
monkey
monkey
zebra
carrot
carrot;carrot;carrot;carrot;carrot
monkey
tomato
monkey
cat
monkey
monkey
zebra
zebra
dog
cat
dog
cat
dog
cat
corn
monkey;monkey;monkey;monkey;monkey
9965
corn
zebra
zebra
cat
cat
2592
monkey;monkey
carrot;carrot;carrot;carrot;carrot;carrot
zebra
cat
corn
monkey;monkey;monkey;monkey;monkey
zebra
monkey;monkey;monkey
monkey
monkey
dog;dog;dog;dog;dog
monkey
zebra;zebra;zebra
monkey
cat
carrot
corn
monkey
cat
zebra;zebra;zebra;zebra;zebra
zebra
zebra
cat
zebra
zebra
zebra
carrot;carrot
cat
zebra
corn
dog
zebra;zebra;zebra;zebra
cat
cat;cat;cat
zebra
carrot
cat
zebra
dog
tomato
cat
zebra
zebra
